{"/Users/jacie/dev/apps/claude-utils/src/components/analytics/DailyActivityChart.tsx": {"path":"/Users/jacie/dev/apps/claude-utils/src/components/analytics/DailyActivityChart.tsx","statementMap":{"0":{"start":{"line":19,"column":2},"end":{"line":26,"column":null}},"1":{"start":{"line":20,"column":4},"end":{"line":24,"column":null}},"2":{"start":{"line":28,"column":15},"end":{"line":28,"column":null}},"3":{"start":{"line":30,"column":2},"end":{"line":41,"column":null}},"4":{"start":{"line":31,"column":4},"end":{"line":39,"column":null}},"5":{"start":{"line":43,"column":2},"end":{"line":85,"column":null}},"6":{"start":{"line":57,"column":29},"end":{"line":57,"column":null}},"7":{"start":{"line":58,"column":16},"end":{"line":58,"column":null}},"8":{"start":{"line":70,"column":29},"end":{"line":70,"column":null}},"9":{"start":{"line":71,"column":16},"end":{"line":75,"column":null}}},"fnMap":{"0":{"name":"DailyActivityChart","decl":{"start":{"line":18,"column":16},"end":{"line":18,"column":35}},"loc":{"start":{"line":18,"column":82},"end":{"line":87,"column":null}},"line":18},"1":{"name":"(anonymous_1)","decl":{"start":{"line":56,"column":29},"end":{"line":56,"column":30}},"loc":{"start":{"line":56,"column":40},"end":{"line":59,"column":null}},"line":56},"2":{"name":"(anonymous_2)","decl":{"start":{"line":69,"column":30},"end":{"line":69,"column":31}},"loc":{"start":{"line":69,"column":41},"end":{"line":76,"column":null}},"line":69}},"branchMap":{"0":{"loc":{"start":{"line":19,"column":2},"end":{"line":26,"column":null}},"type":"if","locations":[{"start":{"line":19,"column":2},"end":{"line":26,"column":null}},{"start":{},"end":{}}],"line":19},"1":{"loc":{"start":{"line":28,"column":15},"end":{"line":28,"column":null}},"type":"binary-expr","locations":[{"start":{"line":28,"column":15},"end":{"line":28,"column":35}},{"start":{"line":28,"column":35},"end":{"line":28,"column":null}}],"line":28},"2":{"loc":{"start":{"line":30,"column":2},"end":{"line":41,"column":null}},"type":"if","locations":[{"start":{"line":30,"column":2},"end":{"line":41,"column":null}},{"start":{},"end":{}}],"line":30}},"s":{"0":0,"1":0,"2":0,"3":0,"4":0,"5":0,"6":0,"7":0,"8":0,"9":0},"f":{"0":0,"1":0,"2":0},"b":{"0":[0,0],"1":[0,0],"2":[0,0]},"meta":{"lastBranch":3,"lastFunction":3,"lastStatement":10,"seen":{"f:18:16:18:35":0,"b:19:2:26:Infinity:undefined:undefined:undefined:undefined":0,"s:19:2:26:Infinity":0,"s:20:4:24:Infinity":1,"s:28:15:28:Infinity":2,"b:28:15:28:35:28:35:28:Infinity":1,"b:30:2:41:Infinity:undefined:undefined:undefined:undefined":2,"s:30:2:41:Infinity":3,"s:31:4:39:Infinity":4,"s:43:2:85:Infinity":5,"f:56:29:56:30":1,"s:57:29:57:Infinity":6,"s:58:16:58:Infinity":7,"f:69:30:69:31":2,"s:70:29:70:Infinity":8,"s:71:16:75:Infinity":9}}}
,"/Users/jacie/dev/apps/claude-utils/src/components/analytics/DateRangeSelector.tsx": {"path":"/Users/jacie/dev/apps/claude-utils/src/components/analytics/DateRangeSelector.tsx","statementMap":{"0":{"start":{"line":10,"column":16},"end":{"line":15,"column":null}},"1":{"start":{"line":18,"column":28},"end":{"line":20,"column":null}},"2":{"start":{"line":19,"column":4},"end":{"line":19,"column":null}},"3":{"start":{"line":23,"column":19},"end":{"line":25,"column":null}},"4":{"start":{"line":27,"column":2},"end":{"line":52,"column":null}},"5":{"start":{"line":35,"column":27},"end":{"line":36,"column":null}},"6":{"start":{"line":37,"column":10},"end":{"line":48,"column":null}},"7":{"start":{"line":40,"column":29},"end":{"line":40,"column":null}}},"fnMap":{"0":{"name":"DateRangeSelector","decl":{"start":{"line":17,"column":16},"end":{"line":17,"column":34}},"loc":{"start":{"line":17,"column":79},"end":{"line":54,"column":null}},"line":17},"1":{"name":"(anonymous_1)","decl":{"start":{"line":18,"column":28},"end":{"line":18,"column":29}},"loc":{"start":{"line":18,"column":46},"end":{"line":20,"column":null}},"line":18},"2":{"name":"(anonymous_2)","decl":{"start":{"line":34,"column":21},"end":{"line":34,"column":22}},"loc":{"start":{"line":34,"column":33},"end":{"line":50,"column":9}},"line":34},"3":{"name":"(anonymous_3)","decl":{"start":{"line":40,"column":23},"end":{"line":40,"column":29}},"loc":{"start":{"line":40,"column":29},"end":{"line":40,"column":null}},"line":40}},"branchMap":{"0":{"loc":{"start":{"line":35,"column":27},"end":{"line":36,"column":null}},"type":"binary-expr","locations":[{"start":{"line":35,"column":27},"end":{"line":35,"column":null}},{"start":{"line":36,"column":13},"end":{"line":36,"column":41}},{"start":{"line":36,"column":41},"end":{"line":36,"column":null}}],"line":35},"1":{"loc":{"start":{"line":42,"column":16},"end":{"line":44,"column":null}},"type":"cond-expr","locations":[{"start":{"line":43,"column":20},"end":{"line":43,"column":null}},{"start":{"line":44,"column":20},"end":{"line":44,"column":null}}],"line":42}},"s":{"0":0,"1":0,"2":0,"3":0,"4":0,"5":0,"6":0,"7":0},"f":{"0":0,"1":0,"2":0,"3":0},"b":{"0":[0,0,0],"1":[0,0]},"meta":{"lastBranch":2,"lastFunction":4,"lastStatement":8,"seen":{"s:10:16:15:Infinity":0,"f:17:16:17:34":0,"s:18:28:20:Infinity":1,"f:18:28:18:29":1,"s:19:4:19:Infinity":2,"s:23:19:25:Infinity":3,"s:27:2:52:Infinity":4,"f:34:21:34:22":2,"s:35:27:36:Infinity":5,"b:35:27:35:Infinity:36:13:36:41:36:41:36:Infinity":0,"s:37:10:48:Infinity":6,"f:40:23:40:29":3,"s:40:29:40:Infinity":7,"b:43:20:43:Infinity:44:20:44:Infinity":1}}}
,"/Users/jacie/dev/apps/claude-utils/src/components/analytics/MetricsCards.tsx": {"path":"/Users/jacie/dev/apps/claude-utils/src/components/analytics/MetricsCards.tsx","statementMap":{"0":{"start":{"line":10,"column":16},"end":{"line":43,"column":null}},"1":{"start":{"line":45,"column":2},"end":{"line":77,"column":null}},"2":{"start":{"line":48,"column":8},"end":{"line":75,"column":null}},"3":{"start":{"line":82,"column":2},"end":{"line":84,"column":null}},"4":{"start":{"line":83,"column":4},"end":{"line":83,"column":null}},"5":{"start":{"line":85,"column":2},"end":{"line":87,"column":null}},"6":{"start":{"line":86,"column":4},"end":{"line":86,"column":null}},"7":{"start":{"line":88,"column":2},"end":{"line":88,"column":null}}},"fnMap":{"0":{"name":"MetricsCards","decl":{"start":{"line":9,"column":16},"end":{"line":9,"column":29}},"loc":{"start":{"line":9,"column":70},"end":{"line":79,"column":null}},"line":9},"1":{"name":"(anonymous_1)","decl":{"start":{"line":47,"column":17},"end":{"line":47,"column":18}},"loc":{"start":{"line":48,"column":8},"end":{"line":75,"column":null}},"line":48},"2":{"name":"formatNumber","decl":{"start":{"line":81,"column":9},"end":{"line":81,"column":22}},"loc":{"start":{"line":81,"column":43},"end":{"line":89,"column":null}},"line":81}},"branchMap":{"0":{"loc":{"start":{"line":13,"column":26},"end":{"line":13,"column":49}},"type":"binary-expr","locations":[{"start":{"line":13,"column":26},"end":{"line":13,"column":48}},{"start":{"line":13,"column":48},"end":{"line":13,"column":49}}],"line":13},"1":{"loc":{"start":{"line":14,"column":32},"end":{"line":14,"column":60}},"type":"binary-expr","locations":[{"start":{"line":14,"column":32},"end":{"line":14,"column":59}},{"start":{"line":14,"column":59},"end":{"line":14,"column":60}}],"line":14},"2":{"loc":{"start":{"line":14,"column":83},"end":{"line":14,"column":112}},"type":"binary-expr","locations":[{"start":{"line":14,"column":83},"end":{"line":14,"column":111}},{"start":{"line":14,"column":111},"end":{"line":14,"column":112}}],"line":14},"3":{"loc":{"start":{"line":21,"column":26},"end":{"line":21,"column":51}},"type":"binary-expr","locations":[{"start":{"line":21,"column":26},"end":{"line":21,"column":50}},{"start":{"line":21,"column":50},"end":{"line":21,"column":51}}],"line":21},"4":{"loc":{"start":{"line":22,"column":20},"end":{"line":22,"column":49}},"type":"binary-expr","locations":[{"start":{"line":22,"column":20},"end":{"line":22,"column":48}},{"start":{"line":22,"column":48},"end":{"line":22,"column":49}}],"line":22},"5":{"loc":{"start":{"line":29,"column":26},"end":{"line":29,"column":52}},"type":"binary-expr","locations":[{"start":{"line":29,"column":26},"end":{"line":29,"column":51}},{"start":{"line":29,"column":51},"end":{"line":29,"column":52}}],"line":29},"6":{"loc":{"start":{"line":37,"column":26},"end":{"line":37,"column":51}},"type":"binary-expr","locations":[{"start":{"line":37,"column":26},"end":{"line":37,"column":50}},{"start":{"line":37,"column":50},"end":{"line":37,"column":51}}],"line":37},"7":{"loc":{"start":{"line":52,"column":11},"end":{"line":73,"column":null}},"type":"cond-expr","locations":[{"start":{"line":53,"column":12},"end":{"line":56,"column":null}},{"start":{"line":58,"column":12},"end":{"line":73,"column":null}}],"line":52},"8":{"loc":{"start":{"line":82,"column":2},"end":{"line":84,"column":null}},"type":"if","locations":[{"start":{"line":82,"column":2},"end":{"line":84,"column":null}},{"start":{},"end":{}}],"line":82},"9":{"loc":{"start":{"line":85,"column":2},"end":{"line":87,"column":null}},"type":"if","locations":[{"start":{"line":85,"column":2},"end":{"line":87,"column":null}},{"start":{},"end":{}}],"line":85}},"s":{"0":0,"1":0,"2":0,"3":0,"4":0,"5":0,"6":0,"7":0},"f":{"0":0,"1":0,"2":0},"b":{"0":[0,0],"1":[0,0],"2":[0,0],"3":[0,0],"4":[0,0],"5":[0,0],"6":[0,0],"7":[0,0],"8":[0,0],"9":[0,0]},"meta":{"lastBranch":10,"lastFunction":3,"lastStatement":8,"seen":{"f:9:16:9:29":0,"s:10:16:43:Infinity":0,"b:13:26:13:48:13:48:13:49":0,"b:14:32:14:59:14:59:14:60":1,"b:14:83:14:111:14:111:14:112":2,"b:21:26:21:50:21:50:21:51":3,"b:22:20:22:48:22:48:22:49":4,"b:29:26:29:51:29:51:29:52":5,"b:37:26:37:50:37:50:37:51":6,"s:45:2:77:Infinity":1,"f:47:17:47:18":1,"s:48:8:75:Infinity":2,"b:53:12:56:Infinity:58:12:73:Infinity":7,"f:81:9:81:22":2,"b:82:2:84:Infinity:undefined:undefined:undefined:undefined":8,"s:82:2:84:Infinity":3,"s:83:4:83:Infinity":4,"b:85:2:87:Infinity:undefined:undefined:undefined:undefined":9,"s:85:2:87:Infinity":5,"s:86:4:86:Infinity":6,"s:88:2:88:Infinity":7}}}
,"/Users/jacie/dev/apps/claude-utils/src/components/analytics/ModelDistributionChart.tsx": {"path":"/Users/jacie/dev/apps/claude-utils/src/components/analytics/ModelDistributionChart.tsx","statementMap":{"0":{"start":{"line":9,"column":15},"end":{"line":9,"column":null}},"1":{"start":{"line":12,"column":2},"end":{"line":19,"column":null}},"2":{"start":{"line":13,"column":4},"end":{"line":17,"column":null}},"3":{"start":{"line":21,"column":21},"end":{"line":21,"column":null}},"4":{"start":{"line":22,"column":15},"end":{"line":27,"column":null}},"5":{"start":{"line":23,"column":29},"end":{"line":26,"column":6}},"6":{"start":{"line":27,"column":20},"end":{"line":27,"column":37}},"7":{"start":{"line":29,"column":2},"end":{"line":40,"column":null}},"8":{"start":{"line":30,"column":4},"end":{"line":38,"column":null}},"9":{"start":{"line":42,"column":16},"end":{"line":42,"column":null}},"10":{"start":{"line":42,"column":40},"end":{"line":42,"column":55}},"11":{"start":{"line":44,"column":2},"end":{"line":85,"column":null}},"12":{"start":{"line":62,"column":16},"end":{"line":62,"column":null}},"13":{"start":{"line":73,"column":26},"end":{"line":73,"column":null}},"14":{"start":{"line":74,"column":16},"end":{"line":74,"column":null}},"15":{"start":{"line":79,"column":16},"end":{"line":79,"column":null}},"16":{"start":{"line":91,"column":2},"end":{"line":96,"column":null}},"17":{"start":{"line":95,"column":19},"end":{"line":95,"column":63}}},"fnMap":{"0":{"name":"ModelDistributionChart","decl":{"start":{"line":11,"column":16},"end":{"line":11,"column":39}},"loc":{"start":{"line":11,"column":90},"end":{"line":87,"column":null}},"line":11},"1":{"name":"(anonymous_1)","decl":{"start":{"line":23,"column":9},"end":{"line":23,"column":10}},"loc":{"start":{"line":23,"column":29},"end":{"line":26,"column":6}},"line":23},"2":{"name":"(anonymous_2)","decl":{"start":{"line":27,"column":10},"end":{"line":27,"column":11}},"loc":{"start":{"line":27,"column":20},"end":{"line":27,"column":37}},"line":27},"3":{"name":"(anonymous_3)","decl":{"start":{"line":42,"column":28},"end":{"line":42,"column":29}},"loc":{"start":{"line":42,"column":40},"end":{"line":42,"column":55}},"line":42},"4":{"name":"(anonymous_4)","decl":{"start":{"line":61,"column":24},"end":{"line":61,"column":25}},"loc":{"start":{"line":62,"column":16},"end":{"line":62,"column":null}},"line":62},"5":{"name":"(anonymous_5)","decl":{"start":{"line":72,"column":25},"end":{"line":72,"column":26}},"loc":{"start":{"line":72,"column":36},"end":{"line":75,"column":null}},"line":72},"6":{"name":"(anonymous_6)","decl":{"start":{"line":78,"column":25},"end":{"line":78,"column":26}},"loc":{"start":{"line":79,"column":16},"end":{"line":79,"column":null}},"line":79},"7":{"name":"formatModelName","decl":{"start":{"line":89,"column":9},"end":{"line":89,"column":25}},"loc":{"start":{"line":89,"column":47},"end":{"line":97,"column":null}},"line":89},"8":{"name":"(anonymous_8)","decl":{"start":{"line":95,"column":9},"end":{"line":95,"column":10}},"loc":{"start":{"line":95,"column":19},"end":{"line":95,"column":63}},"line":95}},"branchMap":{"0":{"loc":{"start":{"line":12,"column":2},"end":{"line":19,"column":null}},"type":"if","locations":[{"start":{"line":12,"column":2},"end":{"line":19,"column":null}},{"start":{},"end":{}}],"line":12},"1":{"loc":{"start":{"line":21,"column":21},"end":{"line":21,"column":null}},"type":"binary-expr","locations":[{"start":{"line":21,"column":21},"end":{"line":21,"column":42}},{"start":{"line":21,"column":42},"end":{"line":21,"column":null}}],"line":21},"2":{"loc":{"start":{"line":29,"column":2},"end":{"line":40,"column":null}},"type":"if","locations":[{"start":{"line":29,"column":2},"end":{"line":40,"column":null}},{"start":{},"end":{}}],"line":29},"3":{"loc":{"start":{"line":73,"column":26},"end":{"line":73,"column":null}},"type":"binary-expr","locations":[{"start":{"line":73,"column":26},"end":{"line":73,"column":43}},{"start":{"line":73,"column":43},"end":{"line":73,"column":null}}],"line":73}},"s":{"0":0,"1":0,"2":0,"3":0,"4":0,"5":0,"6":0,"7":0,"8":0,"9":0,"10":0,"11":0,"12":0,"13":0,"14":0,"15":0,"16":0,"17":0},"f":{"0":0,"1":0,"2":0,"3":0,"4":0,"5":0,"6":0,"7":0,"8":0},"b":{"0":[0,0],"1":[0,0],"2":[0,0],"3":[0,0]},"meta":{"lastBranch":4,"lastFunction":9,"lastStatement":18,"seen":{"s:9:15:9:Infinity":0,"f:11:16:11:39":0,"b:12:2:19:Infinity:undefined:undefined:undefined:undefined":0,"s:12:2:19:Infinity":1,"s:13:4:17:Infinity":2,"s:21:21:21:Infinity":3,"b:21:21:21:42:21:42:21:Infinity":1,"s:22:15:27:Infinity":4,"f:23:9:23:10":1,"s:23:29:26:6":5,"f:27:10:27:11":2,"s:27:20:27:37":6,"b:29:2:40:Infinity:undefined:undefined:undefined:undefined":2,"s:29:2:40:Infinity":7,"s:30:4:38:Infinity":8,"s:42:16:42:Infinity":9,"f:42:28:42:29":3,"s:42:40:42:55":10,"s:44:2:85:Infinity":11,"f:61:24:61:25":4,"s:62:16:62:Infinity":12,"f:72:25:72:26":5,"s:73:26:73:Infinity":13,"b:73:26:73:43:73:43:73:Infinity":3,"s:74:16:74:Infinity":14,"f:78:25:78:26":6,"s:79:16:79:Infinity":15,"f:89:9:89:25":7,"s:91:2:96:Infinity":16,"f:95:9:95:10":8,"s:95:19:95:63":17}}}
,"/Users/jacie/dev/apps/claude-utils/src/components/analytics/TokenUsageChart.tsx": {"path":"/Users/jacie/dev/apps/claude-utils/src/components/analytics/TokenUsageChart.tsx","statementMap":{"0":{"start":{"line":19,"column":2},"end":{"line":26,"column":null}},"1":{"start":{"line":20,"column":4},"end":{"line":24,"column":null}},"2":{"start":{"line":28,"column":15},"end":{"line":28,"column":null}},"3":{"start":{"line":30,"column":2},"end":{"line":41,"column":null}},"4":{"start":{"line":31,"column":4},"end":{"line":39,"column":null}},"5":{"start":{"line":43,"column":2},"end":{"line":107,"column":null}},"6":{"start":{"line":57,"column":29},"end":{"line":57,"column":null}},"7":{"start":{"line":58,"column":16},"end":{"line":58,"column":null}},"8":{"start":{"line":65,"column":16},"end":{"line":65,"column":null}},"9":{"start":{"line":65,"column":38},"end":{"line":65,"column":null}},"10":{"start":{"line":66,"column":16},"end":{"line":66,"column":null}},"11":{"start":{"line":66,"column":35},"end":{"line":66,"column":null}},"12":{"start":{"line":67,"column":16},"end":{"line":67,"column":null}},"13":{"start":{"line":78,"column":29},"end":{"line":78,"column":null}},"14":{"start":{"line":79,"column":16},"end":{"line":83,"column":null}},"15":{"start":{"line":85,"column":36},"end":{"line":85,"column":null}}},"fnMap":{"0":{"name":"TokenUsageChart","decl":{"start":{"line":18,"column":16},"end":{"line":18,"column":32}},"loc":{"start":{"line":18,"column":76},"end":{"line":109,"column":null}},"line":18},"1":{"name":"(anonymous_1)","decl":{"start":{"line":56,"column":29},"end":{"line":56,"column":30}},"loc":{"start":{"line":56,"column":40},"end":{"line":59,"column":null}},"line":56},"2":{"name":"(anonymous_2)","decl":{"start":{"line":64,"column":29},"end":{"line":64,"column":30}},"loc":{"start":{"line":64,"column":40},"end":{"line":68,"column":null}},"line":64},"3":{"name":"(anonymous_3)","decl":{"start":{"line":77,"column":30},"end":{"line":77,"column":31}},"loc":{"start":{"line":77,"column":41},"end":{"line":84,"column":null}},"line":77},"4":{"name":"(anonymous_4)","decl":{"start":{"line":85,"column":25},"end":{"line":85,"column":26}},"loc":{"start":{"line":85,"column":36},"end":{"line":85,"column":null}},"line":85}},"branchMap":{"0":{"loc":{"start":{"line":19,"column":2},"end":{"line":26,"column":null}},"type":"if","locations":[{"start":{"line":19,"column":2},"end":{"line":26,"column":null}},{"start":{},"end":{}}],"line":19},"1":{"loc":{"start":{"line":28,"column":15},"end":{"line":28,"column":null}},"type":"binary-expr","locations":[{"start":{"line":28,"column":15},"end":{"line":28,"column":35}},{"start":{"line":28,"column":35},"end":{"line":28,"column":null}}],"line":28},"2":{"loc":{"start":{"line":30,"column":2},"end":{"line":41,"column":null}},"type":"if","locations":[{"start":{"line":30,"column":2},"end":{"line":41,"column":null}},{"start":{},"end":{}}],"line":30},"3":{"loc":{"start":{"line":65,"column":16},"end":{"line":65,"column":null}},"type":"if","locations":[{"start":{"line":65,"column":16},"end":{"line":65,"column":null}},{"start":{},"end":{}}],"line":65},"4":{"loc":{"start":{"line":66,"column":16},"end":{"line":66,"column":null}},"type":"if","locations":[{"start":{"line":66,"column":16},"end":{"line":66,"column":null}},{"start":{},"end":{}}],"line":66},"5":{"loc":{"start":{"line":85,"column":38},"end":{"line":85,"column":50}},"type":"binary-expr","locations":[{"start":{"line":85,"column":38},"end":{"line":85,"column":47}},{"start":{"line":85,"column":47},"end":{"line":85,"column":50}}],"line":85}},"s":{"0":0,"1":0,"2":0,"3":0,"4":0,"5":0,"6":0,"7":0,"8":0,"9":0,"10":0,"11":0,"12":0,"13":0,"14":0,"15":0},"f":{"0":0,"1":0,"2":0,"3":0,"4":0},"b":{"0":[0,0],"1":[0,0],"2":[0,0],"3":[0,0],"4":[0,0],"5":[0,0]},"meta":{"lastBranch":6,"lastFunction":5,"lastStatement":16,"seen":{"f:18:16:18:32":0,"b:19:2:26:Infinity:undefined:undefined:undefined:undefined":0,"s:19:2:26:Infinity":0,"s:20:4:24:Infinity":1,"s:28:15:28:Infinity":2,"b:28:15:28:35:28:35:28:Infinity":1,"b:30:2:41:Infinity:undefined:undefined:undefined:undefined":2,"s:30:2:41:Infinity":3,"s:31:4:39:Infinity":4,"s:43:2:107:Infinity":5,"f:56:29:56:30":1,"s:57:29:57:Infinity":6,"s:58:16:58:Infinity":7,"f:64:29:64:30":2,"b:65:16:65:Infinity:undefined:undefined:undefined:undefined":3,"s:65:16:65:Infinity":8,"s:65:38:65:Infinity":9,"b:66:16:66:Infinity:undefined:undefined:undefined:undefined":4,"s:66:16:66:Infinity":10,"s:66:35:66:Infinity":11,"s:67:16:67:Infinity":12,"f:77:30:77:31":3,"s:78:29:78:Infinity":13,"s:79:16:83:Infinity":14,"f:85:25:85:26":4,"s:85:36:85:Infinity":15,"b:85:38:85:47:85:47:85:50":5}}}
,"/Users/jacie/dev/apps/claude-utils/src/components/analytics/index.ts": {"path":"/Users/jacie/dev/apps/claude-utils/src/components/analytics/index.ts","statementMap":{},"fnMap":{},"branchMap":{},"s":{},"f":{},"b":{},"meta":{"lastBranch":0,"lastFunction":0,"lastStatement":0,"seen":{}}}
,"/Users/jacie/dev/apps/claude-utils/src/components/anchors/AnchorCard.tsx": {"path":"/Users/jacie/dev/apps/claude-utils/src/components/anchors/AnchorCard.tsx","statementMap":{"0":{"start":{"line":5,"column":49},"end":{"line":14,"column":null}},"1":{"start":{"line":16,"column":48},"end":{"line":20,"column":null}},"2":{"start":{"line":22,"column":47},"end":{"line":26,"column":null}},"3":{"start":{"line":36,"column":18},"end":{"line":36,"column":null}},"4":{"start":{"line":37,"column":21},"end":{"line":37,"column":null}},"5":{"start":{"line":37,"column":36},"end":{"line":37,"column":null}},"6":{"start":{"line":39,"column":2},"end":{"line":85,"column":null}},"7":{"start":{"line":64,"column":12},"end":{"line":64,"column":null}},"8":{"start":{"line":78,"column":33},"end":{"line":78,"column":53}},"9":{"start":{"line":81,"column":33},"end":{"line":81,"column":49}},"10":{"start":{"line":82,"column":33},"end":{"line":82,"column":51}}},"fnMap":{"0":{"name":"AnchorCard","decl":{"start":{"line":35,"column":16},"end":{"line":35,"column":27}},"loc":{"start":{"line":35,"column":86},"end":{"line":87,"column":null}},"line":35},"1":{"name":"(anonymous_1)","decl":{"start":{"line":37,"column":21},"end":{"line":37,"column":22}},"loc":{"start":{"line":37,"column":36},"end":{"line":37,"column":null}},"line":37},"2":{"name":"(anonymous_2)","decl":{"start":{"line":63,"column":27},"end":{"line":63,"column":28}},"loc":{"start":{"line":64,"column":12},"end":{"line":64,"column":null}},"line":64},"3":{"name":"(anonymous_3)","decl":{"start":{"line":78,"column":27},"end":{"line":78,"column":33}},"loc":{"start":{"line":78,"column":33},"end":{"line":78,"column":53}},"line":78},"4":{"name":"(anonymous_4)","decl":{"start":{"line":81,"column":27},"end":{"line":81,"column":33}},"loc":{"start":{"line":81,"column":33},"end":{"line":81,"column":49}},"line":81},"5":{"name":"(anonymous_5)","decl":{"start":{"line":82,"column":27},"end":{"line":82,"column":33}},"loc":{"start":{"line":82,"column":33},"end":{"line":82,"column":51}},"line":82}},"branchMap":{"0":{"loc":{"start":{"line":36,"column":18},"end":{"line":36,"column":null}},"type":"binary-expr","locations":[{"start":{"line":36,"column":18},"end":{"line":36,"column":41}},{"start":{"line":36,"column":41},"end":{"line":36,"column":null}}],"line":36},"1":{"loc":{"start":{"line":45,"column":9},"end":{"line":48,"column":null}},"type":"binary-expr","locations":[{"start":{"line":45,"column":9},"end":{"line":45,"column":null}},{"start":{"line":46,"column":10},"end":{"line":48,"column":null}}],"line":45},"2":{"loc":{"start":{"line":47,"column":13},"end":{"line":47,"column":null}},"type":"binary-expr","locations":[{"start":{"line":47,"column":13},"end":{"line":47,"column":55}},{"start":{"line":47,"column":55},"end":{"line":47,"column":null}}],"line":47},"3":{"loc":{"start":{"line":56,"column":7},"end":{"line":57,"column":null}},"type":"binary-expr","locations":[{"start":{"line":56,"column":7},"end":{"line":56,"column":null}},{"start":{"line":57,"column":8},"end":{"line":57,"column":null}}],"line":56},"4":{"loc":{"start":{"line":61,"column":7},"end":{"line":66,"column":null}},"type":"binary-expr","locations":[{"start":{"line":61,"column":7},"end":{"line":61,"column":null}},{"start":{"line":62,"column":8},"end":{"line":66,"column":null}}],"line":61},"5":{"loc":{"start":{"line":72,"column":11},"end":{"line":73,"column":null}},"type":"binary-expr","locations":[{"start":{"line":72,"column":11},"end":{"line":72,"column":null}},{"start":{"line":73,"column":12},"end":{"line":73,"column":null}}],"line":72}},"s":{"0":0,"1":0,"2":0,"3":0,"4":0,"5":0,"6":0,"7":0,"8":0,"9":0,"10":0},"f":{"0":0,"1":0,"2":0,"3":0,"4":0,"5":0},"b":{"0":[0,0],"1":[0,0],"2":[0,0],"3":[0,0],"4":[0,0],"5":[0,0]},"meta":{"lastBranch":6,"lastFunction":6,"lastStatement":11,"seen":{"s:5:49:14:Infinity":0,"s:16:48:20:Infinity":1,"s:22:47:26:Infinity":2,"f:35:16:35:27":0,"s:36:18:36:Infinity":3,"b:36:18:36:41:36:41:36:Infinity":0,"s:37:21:37:Infinity":4,"f:37:21:37:22":1,"s:37:36:37:Infinity":5,"s:39:2:85:Infinity":6,"b:45:9:45:Infinity:46:10:48:Infinity":1,"b:47:13:47:55:47:55:47:Infinity":2,"b:56:7:56:Infinity:57:8:57:Infinity":3,"b:61:7:61:Infinity:62:8:66:Infinity":4,"f:63:27:63:28":2,"s:64:12:64:Infinity":7,"b:72:11:72:Infinity:73:12:73:Infinity":5,"f:78:27:78:33":3,"s:78:33:78:53":8,"f:81:27:81:33":4,"s:81:33:81:49":9,"f:82:27:82:33":5,"s:82:33:82:51":10}}}
,"/Users/jacie/dev/apps/claude-utils/src/components/anchors/AnchorModal.tsx": {"path":"/Users/jacie/dev/apps/claude-utils/src/components/anchors/AnchorModal.tsx","statementMap":{"0":{"start":{"line":7,"column":24},"end":{"line":17,"column":null}},"1":{"start":{"line":42,"column":36},"end":{"line":42,"column":null}},"2":{"start":{"line":43,"column":34},"end":{"line":43,"column":null}},"3":{"start":{"line":44,"column":30},"end":{"line":44,"column":null}},"4":{"start":{"line":45,"column":40},"end":{"line":45,"column":null}},"5":{"start":{"line":46,"column":38},"end":{"line":46,"column":null}},"6":{"start":{"line":47,"column":26},"end":{"line":47,"column":null}},"7":{"start":{"line":48,"column":23},"end":{"line":48,"column":null}},"8":{"start":{"line":50,"column":2},"end":{"line":54,"column":null}},"9":{"start":{"line":51,"column":22},"end":{"line":51,"column":null}},"10":{"start":{"line":51,"column":46},"end":{"line":51,"column":82}},"11":{"start":{"line":51,"column":70},"end":{"line":51,"column":82}},"12":{"start":{"line":52,"column":4},"end":{"line":52,"column":null}},"13":{"start":{"line":53,"column":4},"end":{"line":53,"column":null}},"14":{"start":{"line":53,"column":17},"end":{"line":53,"column":null}},"15":{"start":{"line":56,"column":21},"end":{"line":76,"column":null}},"16":{"start":{"line":57,"column":4},"end":{"line":57,"column":null}},"17":{"start":{"line":58,"column":4},"end":{"line":75,"column":null}},"18":{"start":{"line":59,"column":6},"end":{"line":71,"column":null}},"19":{"start":{"line":70,"column":40},"end":{"line":70,"column":44}},"20":{"start":{"line":72,"column":6},"end":{"line":72,"column":null}},"21":{"start":{"line":74,"column":6},"end":{"line":74,"column":null}},"22":{"start":{"line":78,"column":18},"end":{"line":80,"column":null}},"23":{"start":{"line":82,"column":21},"end":{"line":86,"column":null}},"24":{"start":{"line":88,"column":2},"end":{"line":153,"column":null}},"25":{"start":{"line":90,"column":180},"end":{"line":90,"column":null}},"26":{"start":{"line":102,"column":14},"end":{"line":105,"column":null}},"27":{"start":{"line":102,"column":46},"end":{"line":102,"column":66}},"28":{"start":{"line":112,"column":58},"end":{"line":112,"column":89}},"29":{"start":{"line":121,"column":16},"end":{"line":125,"column":null}},"30":{"start":{"line":121,"column":53},"end":{"line":121,"column":null}},"31":{"start":{"line":133,"column":59},"end":{"line":133,"column":null}},"32":{"start":{"line":135,"column":43},"end":{"line":135,"column":102}},"33":{"start":{"line":142,"column":69},"end":{"line":142,"column":112}},"34":{"start":{"line":142,"column":95},"end":{"line":142,"column":109}},"35":{"start":{"line":142,"column":133},"end":{"line":142,"column":193}},"36":{"start":{"line":142,"column":159},"end":{"line":142,"column":190}},"37":{"start":{"line":142,"column":178},"end":{"line":142,"column":189}}},"fnMap":{"0":{"name":"AnchorModal","decl":{"start":{"line":31,"column":16},"end":{"line":31,"column":28}},"loc":{"start":{"line":41,"column":21},"end":{"line":155,"column":null}},"line":41},"1":{"name":"(anonymous_1)","decl":{"start":{"line":50,"column":12},"end":{"line":50,"column":18}},"loc":{"start":{"line":50,"column":18},"end":{"line":54,"column":5}},"line":50},"2":{"name":"(anonymous_2)","decl":{"start":{"line":51,"column":22},"end":{"line":51,"column":23}},"loc":{"start":{"line":51,"column":44},"end":{"line":51,"column":null}},"line":51},"3":{"name":"(anonymous_3)","decl":{"start":{"line":53,"column":11},"end":{"line":53,"column":17}},"loc":{"start":{"line":53,"column":17},"end":{"line":53,"column":null}},"line":53},"4":{"name":"(anonymous_4)","decl":{"start":{"line":56,"column":21},"end":{"line":56,"column":33}},"loc":{"start":{"line":56,"column":33},"end":{"line":76,"column":null}},"line":56},"5":{"name":"(anonymous_5)","decl":{"start":{"line":70,"column":33},"end":{"line":70,"column":34}},"loc":{"start":{"line":70,"column":40},"end":{"line":70,"column":44}},"line":70},"6":{"name":"(anonymous_6)","decl":{"start":{"line":90,"column":173},"end":{"line":90,"column":174}},"loc":{"start":{"line":90,"column":180},"end":{"line":90,"column":null}},"line":90},"7":{"name":"(anonymous_7)","decl":{"start":{"line":101,"column":83},"end":{"line":101,"column":84}},"loc":{"start":{"line":102,"column":14},"end":{"line":105,"column":null}},"line":102},"8":{"name":"(anonymous_8)","decl":{"start":{"line":102,"column":40},"end":{"line":102,"column":46}},"loc":{"start":{"line":102,"column":46},"end":{"line":102,"column":66}},"line":102},"9":{"name":"(anonymous_9)","decl":{"start":{"line":112,"column":51},"end":{"line":112,"column":52}},"loc":{"start":{"line":112,"column":58},"end":{"line":112,"column":89}},"line":112},"10":{"name":"(anonymous_10)","decl":{"start":{"line":120,"column":30},"end":{"line":120,"column":31}},"loc":{"start":{"line":121,"column":16},"end":{"line":125,"column":null}},"line":121},"11":{"name":"(anonymous_11)","decl":{"start":{"line":121,"column":47},"end":{"line":121,"column":53}},"loc":{"start":{"line":121,"column":53},"end":{"line":121,"column":null}},"line":121},"12":{"name":"(anonymous_12)","decl":{"start":{"line":133,"column":52},"end":{"line":133,"column":53}},"loc":{"start":{"line":133,"column":59},"end":{"line":133,"column":null}},"line":133},"13":{"name":"(anonymous_13)","decl":{"start":{"line":135,"column":35},"end":{"line":135,"column":36}},"loc":{"start":{"line":135,"column":43},"end":{"line":135,"column":102}},"line":135},"14":{"name":"(anonymous_14)","decl":{"start":{"line":142,"column":60},"end":{"line":142,"column":61}},"loc":{"start":{"line":142,"column":69},"end":{"line":142,"column":112}},"line":142},"15":{"name":"(anonymous_15)","decl":{"start":{"line":142,"column":85},"end":{"line":142,"column":86}},"loc":{"start":{"line":142,"column":95},"end":{"line":142,"column":109}},"line":142},"16":{"name":"(anonymous_16)","decl":{"start":{"line":142,"column":125},"end":{"line":142,"column":126}},"loc":{"start":{"line":142,"column":133},"end":{"line":142,"column":193}},"line":142},"17":{"name":"(anonymous_17)","decl":{"start":{"line":142,"column":149},"end":{"line":142,"column":150}},"loc":{"start":{"line":142,"column":159},"end":{"line":142,"column":190}},"line":142},"18":{"name":"(anonymous_18)","decl":{"start":{"line":142,"column":171},"end":{"line":142,"column":172}},"loc":{"start":{"line":142,"column":178},"end":{"line":142,"column":189}},"line":142}},"branchMap":{"0":{"loc":{"start":{"line":51,"column":46},"end":{"line":51,"column":82}},"type":"if","locations":[{"start":{"line":51,"column":46},"end":{"line":51,"column":82}},{"start":{},"end":{}}],"line":51},"1":{"loc":{"start":{"line":63,"column":22},"end":{"line":63,"column":null}},"type":"cond-expr","locations":[{"start":{"line":63,"column":52},"end":{"line":63,"column":67}},{"start":{"line":63,"column":67},"end":{"line":63,"column":null}}],"line":63},"2":{"loc":{"start":{"line":67,"column":20},"end":{"line":67,"column":null}},"type":"binary-expr","locations":[{"start":{"line":67,"column":20},"end":{"line":67,"column":41}},{"start":{"line":67,"column":41},"end":{"line":67,"column":null}}],"line":67},"3":{"loc":{"start":{"line":69,"column":23},"end":{"line":69,"column":null}},"type":"binary-expr","locations":[{"start":{"line":69,"column":23},"end":{"line":69,"column":40}},{"start":{"line":69,"column":40},"end":{"line":69,"column":null}}],"line":69},"4":{"loc":{"start":{"line":78,"column":18},"end":{"line":80,"column":null}},"type":"cond-expr","locations":[{"start":{"line":79,"column":6},"end":{"line":79,"column":null}},{"start":{"line":80,"column":6},"end":{"line":80,"column":null}}],"line":78},"5":{"loc":{"start":{"line":78,"column":18},"end":{"line":78,"column":null}},"type":"binary-expr","locations":[{"start":{"line":78,"column":18},"end":{"line":78,"column":49}},{"start":{"line":78,"column":49},"end":{"line":78,"column":null}}],"line":78},"6":{"loc":{"start":{"line":80,"column":38},"end":{"line":80,"column":null}},"type":"cond-expr","locations":[{"start":{"line":80,"column":68},"end":{"line":80,"column":76}},{"start":{"line":80,"column":76},"end":{"line":80,"column":null}}],"line":80},"7":{"loc":{"start":{"line":102,"column":76},"end":{"line":102,"column":null}},"type":"binary-expr","locations":[{"start":{"line":102,"column":76},"end":{"line":102,"column":98}},{"start":{"line":102,"column":98},"end":{"line":102,"column":null}}],"line":102},"8":{"loc":{"start":{"line":103,"column":79},"end":{"line":103,"column":185}},"type":"cond-expr","locations":[{"start":{"line":103,"column":100},"end":{"line":103,"column":129}},{"start":{"line":103,"column":129},"end":{"line":103,"column":185}}],"line":103},"9":{"loc":{"start":{"line":103,"column":189},"end":{"line":103,"column":263}},"type":"cond-expr","locations":[{"start":{"line":103,"column":227},"end":{"line":103,"column":261}},{"start":{"line":103,"column":261},"end":{"line":103,"column":263}}],"line":103},"10":{"loc":{"start":{"line":103,"column":189},"end":{"line":103,"column":227}},"type":"binary-expr","locations":[{"start":{"line":103,"column":189},"end":{"line":103,"column":211}},{"start":{"line":103,"column":211},"end":{"line":103,"column":227}}],"line":103},"11":{"loc":{"start":{"line":104,"column":17},"end":{"line":104,"column":null}},"type":"cond-expr","locations":[{"start":{"line":104,"column":42},"end":{"line":104,"column":60}},{"start":{"line":104,"column":60},"end":{"line":104,"column":null}}],"line":104},"12":{"loc":{"start":{"line":104,"column":60},"end":{"line":104,"column":null}},"type":"cond-expr","locations":[{"start":{"line":104,"column":81},"end":{"line":104,"column":95}},{"start":{"line":104,"column":95},"end":{"line":104,"column":null}}],"line":104},"13":{"loc":{"start":{"line":122,"column":107},"end":{"line":122,"column":286}},"type":"cond-expr","locations":[{"start":{"line":122,"column":130},"end":{"line":122,"column":230}},{"start":{"line":122,"column":230},"end":{"line":122,"column":286}}],"line":122},"14":{"loc":{"start":{"line":148,"column":15},"end":{"line":148,"column":null}},"type":"cond-expr","locations":[{"start":{"line":148,"column":24},"end":{"line":148,"column":38}},{"start":{"line":148,"column":38},"end":{"line":148,"column":null}}],"line":148}},"s":{"0":0,"1":0,"2":0,"3":0,"4":0,"5":0,"6":0,"7":0,"8":0,"9":0,"10":0,"11":0,"12":0,"13":0,"14":0,"15":0,"16":0,"17":0,"18":0,"19":0,"20":0,"21":0,"22":0,"23":0,"24":0,"25":0,"26":0,"27":0,"28":0,"29":0,"30":0,"31":0,"32":0,"33":0,"34":0,"35":0,"36":0,"37":0},"f":{"0":0,"1":0,"2":0,"3":0,"4":0,"5":0,"6":0,"7":0,"8":0,"9":0,"10":0,"11":0,"12":0,"13":0,"14":0,"15":0,"16":0,"17":0,"18":0},"b":{"0":[0,0],"1":[0,0],"2":[0,0],"3":[0,0],"4":[0,0],"5":[0,0],"6":[0,0],"7":[0,0],"8":[0,0],"9":[0,0],"10":[0,0],"11":[0,0],"12":[0,0],"13":[0,0],"14":[0,0]},"meta":{"lastBranch":15,"lastFunction":19,"lastStatement":38,"seen":{"s:7:24:17:Infinity":0,"f:31:16:31:28":0,"s:42:36:42:Infinity":1,"s:43:34:43:Infinity":2,"s:44:30:44:Infinity":3,"s:45:40:45:Infinity":4,"s:46:38:46:Infinity":5,"s:47:26:47:Infinity":6,"s:48:23:48:Infinity":7,"s:50:2:54:Infinity":8,"f:50:12:50:18":1,"s:51:22:51:Infinity":9,"f:51:22:51:23":2,"b:51:46:51:82:undefined:undefined:undefined:undefined":0,"s:51:46:51:82":10,"s:51:70:51:82":11,"s:52:4:52:Infinity":12,"s:53:4:53:Infinity":13,"f:53:11:53:17":3,"s:53:17:53:Infinity":14,"s:56:21:76:Infinity":15,"f:56:21:56:33":4,"s:57:4:57:Infinity":16,"s:58:4:75:Infinity":17,"s:59:6:71:Infinity":18,"b:63:52:63:67:63:67:63:Infinity":1,"b:67:20:67:41:67:41:67:Infinity":2,"b:69:23:69:40:69:40:69:Infinity":3,"f:70:33:70:34":5,"s:70:40:70:44":19,"s:72:6:72:Infinity":20,"s:74:6:74:Infinity":21,"s:78:18:80:Infinity":22,"b:79:6:79:Infinity:80:6:80:Infinity":4,"b:78:18:78:49:78:49:78:Infinity":5,"b:80:68:80:76:80:76:80:Infinity":6,"s:82:21:86:Infinity":23,"s:88:2:153:Infinity":24,"f:90:173:90:174":6,"s:90:180:90:Infinity":25,"f:101:83:101:84":7,"s:102:14:105:Infinity":26,"f:102:40:102:46":8,"s:102:46:102:66":27,"b:102:76:102:98:102:98:102:Infinity":7,"b:103:100:103:129:103:129:103:185":8,"b:103:227:103:261:103:261:103:263":9,"b:103:189:103:211:103:211:103:227":10,"b:104:42:104:60:104:60:104:Infinity":11,"b:104:81:104:95:104:95:104:Infinity":12,"f:112:51:112:52":9,"s:112:58:112:89":28,"f:120:30:120:31":10,"s:121:16:125:Infinity":29,"f:121:47:121:53":11,"s:121:53:121:Infinity":30,"b:122:130:122:230:122:230:122:286":13,"f:133:52:133:53":12,"s:133:59:133:Infinity":31,"f:135:35:135:36":13,"s:135:43:135:102":32,"f:142:60:142:61":14,"s:142:69:142:112":33,"f:142:85:142:86":15,"s:142:95:142:109":34,"f:142:125:142:126":16,"s:142:133:142:193":35,"f:142:149:142:150":17,"s:142:159:142:190":36,"f:142:171:142:172":18,"s:142:178:142:189":37,"b:148:24:148:38:148:38:148:Infinity":14}}}
,"/Users/jacie/dev/apps/claude-utils/src/components/anchors/SelectionAnchorButton.tsx": {"path":"/Users/jacie/dev/apps/claude-utils/src/components/anchors/SelectionAnchorButton.tsx","statementMap":{"0":{"start":{"line":9,"column":14},"end":{"line":9,"column":null}},"1":{"start":{"line":10,"column":15},"end":{"line":10,"column":null}},"2":{"start":{"line":12,"column":2},"end":{"line":20,"column":null}}},"fnMap":{"0":{"name":"SelectionAnchorButton","decl":{"start":{"line":8,"column":16},"end":{"line":8,"column":38}},"loc":{"start":{"line":8,"column":85},"end":{"line":22,"column":null}},"line":8}},"branchMap":{},"s":{"0":0,"1":0,"2":0},"f":{"0":0},"b":{},"meta":{"lastBranch":0,"lastFunction":1,"lastStatement":3,"seen":{"f:8:16:8:38":0,"s:9:14:9:Infinity":0,"s:10:15:10:Infinity":1,"s:12:2:20:Infinity":2}}}
,"/Users/jacie/dev/apps/claude-utils/src/components/anchors/index.ts": {"path":"/Users/jacie/dev/apps/claude-utils/src/components/anchors/index.ts","statementMap":{},"fnMap":{},"branchMap":{},"s":{},"f":{},"b":{},"meta":{"lastBranch":0,"lastFunction":0,"lastStatement":0,"seen":{}}}
,"/Users/jacie/dev/apps/claude-utils/src/components/common/CommandPalette.tsx": {"path":"/Users/jacie/dev/apps/claude-utils/src/components/common/CommandPalette.tsx","statementMap":{"0":{"start":{"line":18,"column":20},"end":{"line":27,"column":null}},"1":{"start":{"line":30,"column":26},"end":{"line":30,"column":null}},"2":{"start":{"line":31,"column":2},"end":{"line":31,"column":null}},"3":{"start":{"line":31,"column":18},"end":{"line":31,"column":null}},"4":{"start":{"line":32,"column":2},"end":{"line":32,"column":null}},"5":{"start":{"line":32,"column":18},"end":{"line":32,"column":null}},"6":{"start":{"line":33,"column":2},"end":{"line":33,"column":null}},"7":{"start":{"line":33,"column":19},"end":{"line":33,"column":null}},"8":{"start":{"line":34,"column":2},"end":{"line":34,"column":null}},"9":{"start":{"line":34,"column":17},"end":{"line":34,"column":null}},"10":{"start":{"line":35,"column":2},"end":{"line":35,"column":null}},"11":{"start":{"line":36,"column":2},"end":{"line":36,"column":null}},"12":{"start":{"line":40,"column":24},"end":{"line":40,"column":null}},"13":{"start":{"line":41,"column":40},"end":{"line":41,"column":null}},"14":{"start":{"line":42,"column":8},"end":{"line":42,"column":null}},"15":{"start":{"line":43,"column":8},"end":{"line":43,"column":null}},"16":{"start":{"line":44,"column":8},"end":{"line":44,"column":null}},"17":{"start":{"line":46,"column":46},"end":{"line":46,"column":null}},"18":{"start":{"line":47,"column":20},"end":{"line":47,"column":null}},"19":{"start":{"line":47,"column":43},"end":{"line":47,"column":65}},"20":{"start":{"line":48,"column":18},"end":{"line":48,"column":null}},"21":{"start":{"line":50,"column":8},"end":{"line":88,"column":null}},"22":{"start":{"line":51,"column":16},"end":{"line":66,"column":null}},"23":{"start":{"line":52,"column":35},"end":{"line":58,"column":8}},"24":{"start":{"line":57,"column":22},"end":{"line":57,"column":null}},"25":{"start":{"line":59,"column":31},"end":{"line":65,"column":8}},"26":{"start":{"line":68,"column":4},"end":{"line":68,"column":null}},"27":{"start":{"line":68,"column":23},"end":{"line":68,"column":null}},"28":{"start":{"line":70,"column":14},"end":{"line":70,"column":null}},"29":{"start":{"line":71,"column":21},"end":{"line":71,"column":null}},"30":{"start":{"line":71,"column":42},"end":{"line":71,"column":78}},"31":{"start":{"line":74,"column":28},"end":{"line":85,"column":null}},"32":{"start":{"line":75,"column":21},"end":{"line":75,"column":93}},"33":{"start":{"line":77,"column":19},"end":{"line":85,"column":8}},"34":{"start":{"line":83,"column":10},"end":{"line":83,"column":null}},"35":{"start":{"line":87,"column":4},"end":{"line":87,"column":null}},"36":{"start":{"line":91,"column":2},"end":{"line":93,"column":null}},"37":{"start":{"line":92,"column":4},"end":{"line":92,"column":null}},"38":{"start":{"line":96,"column":2},"end":{"line":102,"column":null}},"39":{"start":{"line":97,"column":4},"end":{"line":101,"column":null}},"40":{"start":{"line":98,"column":6},"end":{"line":98,"column":null}},"41":{"start":{"line":99,"column":6},"end":{"line":99,"column":null}},"42":{"start":{"line":100,"column":6},"end":{"line":100,"column":null}},"43":{"start":{"line":100,"column":23},"end":{"line":100,"column":50}},"44":{"start":{"line":105,"column":2},"end":{"line":109,"column":null}},"45":{"start":{"line":106,"column":4},"end":{"line":106,"column":null}},"46":{"start":{"line":106,"column":26},"end":{"line":106,"column":null}},"47":{"start":{"line":107,"column":15},"end":{"line":107,"column":null}},"48":{"start":{"line":108,"column":4},"end":{"line":108,"column":null}},"49":{"start":{"line":111,"column":2},"end":{"line":111,"column":null}},"50":{"start":{"line":111,"column":20},"end":{"line":111,"column":null}},"51":{"start":{"line":113,"column":24},"end":{"line":127,"column":null}},"52":{"start":{"line":114,"column":4},"end":{"line":126,"column":null}},"53":{"start":{"line":115,"column":6},"end":{"line":115,"column":null}},"54":{"start":{"line":116,"column":6},"end":{"line":116,"column":null}},"55":{"start":{"line":116,"column":30},"end":{"line":116,"column":63}},"56":{"start":{"line":117,"column":4},"end":{"line":126,"column":null}},"57":{"start":{"line":118,"column":6},"end":{"line":118,"column":null}},"58":{"start":{"line":119,"column":6},"end":{"line":119,"column":null}},"59":{"start":{"line":119,"column":30},"end":{"line":119,"column":48}},"60":{"start":{"line":120,"column":4},"end":{"line":126,"column":null}},"61":{"start":{"line":121,"column":6},"end":{"line":121,"column":null}},"62":{"start":{"line":122,"column":6},"end":{"line":122,"column":null}},"63":{"start":{"line":123,"column":6},"end":{"line":123,"column":null}},"64":{"start":{"line":124,"column":4},"end":{"line":126,"column":null}},"65":{"start":{"line":125,"column":6},"end":{"line":125,"column":null}},"66":{"start":{"line":129,"column":2},"end":{"line":191,"column":null}},"67":{"start":{"line":132,"column":21},"end":{"line":132,"column":null}},"68":{"start":{"line":140,"column":24},"end":{"line":140,"column":null}},"69":{"start":{"line":149,"column":29},"end":{"line":149,"column":null}},"70":{"start":{"line":167,"column":25},"end":{"line":167,"column":null}},"71":{"start":{"line":168,"column":12},"end":{"line":186,"column":null}},"72":{"start":{"line":172,"column":18},"end":{"line":172,"column":null}},"73":{"start":{"line":173,"column":18},"end":{"line":173,"column":null}}},"fnMap":{"0":{"name":"formatShortcut","decl":{"start":{"line":29,"column":9},"end":{"line":29,"column":24}},"loc":{"start":{"line":29,"column":54},"end":{"line":37,"column":null}},"line":29},"1":{"name":"CommandPalette","decl":{"start":{"line":39,"column":16},"end":{"line":39,"column":33}},"loc":{"start":{"line":39,"column":33},"end":{"line":193,"column":null}},"line":39},"2":{"name":"(anonymous_2)","decl":{"start":{"line":47,"column":36},"end":{"line":47,"column":37}},"loc":{"start":{"line":47,"column":43},"end":{"line":47,"column":65}},"line":47},"3":{"name":"(anonymous_3)","decl":{"start":{"line":50,"column":24},"end":{"line":50,"column":30}},"loc":{"start":{"line":50,"column":30},"end":{"line":88,"column":5}},"line":50},"4":{"name":"(anonymous_4)","decl":{"start":{"line":52,"column":25},"end":{"line":52,"column":26}},"loc":{"start":{"line":52,"column":35},"end":{"line":58,"column":8}},"line":52},"5":{"name":"(anonymous_5)","decl":{"start":{"line":57,"column":16},"end":{"line":57,"column":22}},"loc":{"start":{"line":57,"column":22},"end":{"line":57,"column":null}},"line":57},"6":{"name":"(anonymous_6)","decl":{"start":{"line":59,"column":23},"end":{"line":59,"column":24}},"loc":{"start":{"line":59,"column":31},"end":{"line":65,"column":8}},"line":59},"7":{"name":"(anonymous_7)","decl":{"start":{"line":71,"column":32},"end":{"line":71,"column":33}},"loc":{"start":{"line":71,"column":42},"end":{"line":71,"column":78}},"line":71},"8":{"name":"(anonymous_8)","decl":{"start":{"line":75,"column":14},"end":{"line":75,"column":15}},"loc":{"start":{"line":75,"column":21},"end":{"line":75,"column":93}},"line":75},"9":{"name":"(anonymous_9)","decl":{"start":{"line":77,"column":11},"end":{"line":77,"column":12}},"loc":{"start":{"line":77,"column":19},"end":{"line":85,"column":8}},"line":77},"10":{"name":"(anonymous_10)","decl":{"start":{"line":82,"column":16},"end":{"line":82,"column":22}},"loc":{"start":{"line":82,"column":22},"end":{"line":84,"column":null}},"line":82},"11":{"name":"(anonymous_11)","decl":{"start":{"line":91,"column":12},"end":{"line":91,"column":18}},"loc":{"start":{"line":91,"column":18},"end":{"line":93,"column":5}},"line":91},"12":{"name":"(anonymous_12)","decl":{"start":{"line":96,"column":12},"end":{"line":96,"column":18}},"loc":{"start":{"line":96,"column":18},"end":{"line":102,"column":5}},"line":96},"13":{"name":"(anonymous_13)","decl":{"start":{"line":100,"column":17},"end":{"line":100,"column":23}},"loc":{"start":{"line":100,"column":23},"end":{"line":100,"column":50}},"line":100},"14":{"name":"(anonymous_14)","decl":{"start":{"line":105,"column":12},"end":{"line":105,"column":18}},"loc":{"start":{"line":105,"column":18},"end":{"line":109,"column":5}},"line":105},"15":{"name":"(anonymous_15)","decl":{"start":{"line":113,"column":24},"end":{"line":113,"column":25}},"loc":{"start":{"line":113,"column":52},"end":{"line":127,"column":null}},"line":113},"16":{"name":"(anonymous_16)","decl":{"start":{"line":116,"column":23},"end":{"line":116,"column":24}},"loc":{"start":{"line":116,"column":30},"end":{"line":116,"column":63}},"line":116},"17":{"name":"(anonymous_17)","decl":{"start":{"line":119,"column":23},"end":{"line":119,"column":24}},"loc":{"start":{"line":119,"column":30},"end":{"line":119,"column":48}},"line":119},"18":{"name":"(anonymous_18)","decl":{"start":{"line":132,"column":15},"end":{"line":132,"column":21}},"loc":{"start":{"line":132,"column":21},"end":{"line":132,"column":null}},"line":132},"19":{"name":"(anonymous_19)","decl":{"start":{"line":140,"column":17},"end":{"line":140,"column":18}},"loc":{"start":{"line":140,"column":24},"end":{"line":140,"column":null}},"line":140},"20":{"name":"(anonymous_20)","decl":{"start":{"line":149,"column":22},"end":{"line":149,"column":23}},"loc":{"start":{"line":149,"column":29},"end":{"line":149,"column":null}},"line":149},"21":{"name":"(anonymous_21)","decl":{"start":{"line":166,"column":21},"end":{"line":166,"column":22}},"loc":{"start":{"line":166,"column":34},"end":{"line":188,"column":11}},"line":166},"22":{"name":"(anonymous_22)","decl":{"start":{"line":171,"column":25},"end":{"line":171,"column":31}},"loc":{"start":{"line":171,"column":31},"end":{"line":174,"column":null}},"line":171}},"branchMap":{"0":{"loc":{"start":{"line":31,"column":2},"end":{"line":31,"column":null}},"type":"if","locations":[{"start":{"line":31,"column":2},"end":{"line":31,"column":null}},{"start":{},"end":{}}],"line":31},"1":{"loc":{"start":{"line":32,"column":2},"end":{"line":32,"column":null}},"type":"if","locations":[{"start":{"line":32,"column":2},"end":{"line":32,"column":null}},{"start":{},"end":{}}],"line":32},"2":{"loc":{"start":{"line":33,"column":2},"end":{"line":33,"column":null}},"type":"if","locations":[{"start":{"line":33,"column":2},"end":{"line":33,"column":null}},{"start":{},"end":{}}],"line":33},"3":{"loc":{"start":{"line":34,"column":2},"end":{"line":34,"column":null}},"type":"if","locations":[{"start":{"line":34,"column":2},"end":{"line":34,"column":null}},{"start":{},"end":{}}],"line":34},"4":{"loc":{"start":{"line":35,"column":13},"end":{"line":35,"column":73}},"type":"cond-expr","locations":[{"start":{"line":35,"column":38},"end":{"line":35,"column":64}},{"start":{"line":35,"column":64},"end":{"line":35,"column":73}}],"line":35},"5":{"loc":{"start":{"line":68,"column":4},"end":{"line":68,"column":null}},"type":"if","locations":[{"start":{"line":68,"column":4},"end":{"line":68,"column":null}},{"start":{},"end":{}}],"line":68},"6":{"loc":{"start":{"line":75,"column":21},"end":{"line":75,"column":93}},"type":"binary-expr","locations":[{"start":{"line":75,"column":21},"end":{"line":75,"column":58}},{"start":{"line":75,"column":58},"end":{"line":75,"column":93}}],"line":75},"7":{"loc":{"start":{"line":97,"column":4},"end":{"line":101,"column":null}},"type":"if","locations":[{"start":{"line":97,"column":4},"end":{"line":101,"column":null}},{"start":{},"end":{}}],"line":97},"8":{"loc":{"start":{"line":106,"column":4},"end":{"line":106,"column":null}},"type":"if","locations":[{"start":{"line":106,"column":4},"end":{"line":106,"column":null}},{"start":{},"end":{}}],"line":106},"9":{"loc":{"start":{"line":111,"column":2},"end":{"line":111,"column":null}},"type":"if","locations":[{"start":{"line":111,"column":2},"end":{"line":111,"column":null}},{"start":{},"end":{}}],"line":111},"10":{"loc":{"start":{"line":114,"column":4},"end":{"line":126,"column":null}},"type":"if","locations":[{"start":{"line":114,"column":4},"end":{"line":126,"column":null}},{"start":{"line":117,"column":4},"end":{"line":126,"column":null}}],"line":114},"11":{"loc":{"start":{"line":117,"column":4},"end":{"line":126,"column":null}},"type":"if","locations":[{"start":{"line":117,"column":4},"end":{"line":126,"column":null}},{"start":{"line":120,"column":4},"end":{"line":126,"column":null}}],"line":117},"12":{"loc":{"start":{"line":120,"column":4},"end":{"line":126,"column":null}},"type":"if","locations":[{"start":{"line":120,"column":4},"end":{"line":126,"column":null}},{"start":{"line":124,"column":4},"end":{"line":126,"column":null}}],"line":120},"13":{"loc":{"start":{"line":120,"column":15},"end":{"line":120,"column":58}},"type":"binary-expr","locations":[{"start":{"line":120,"column":15},"end":{"line":120,"column":36}},{"start":{"line":120,"column":36},"end":{"line":120,"column":58}}],"line":120},"14":{"loc":{"start":{"line":124,"column":4},"end":{"line":126,"column":null}},"type":"if","locations":[{"start":{"line":124,"column":4},"end":{"line":126,"column":null}},{"start":{},"end":{}}],"line":124},"15":{"loc":{"start":{"line":161,"column":11},"end":{"line":164,"column":null}},"type":"binary-expr","locations":[{"start":{"line":161,"column":11},"end":{"line":161,"column":null}},{"start":{"line":162,"column":12},"end":{"line":164,"column":null}}],"line":161},"16":{"loc":{"start":{"line":176,"column":18},"end":{"line":178,"column":null}},"type":"cond-expr","locations":[{"start":{"line":177,"column":22},"end":{"line":177,"column":null}},{"start":{"line":178,"column":22},"end":{"line":178,"column":null}}],"line":176},"17":{"loc":{"start":{"line":183,"column":17},"end":{"line":184,"column":null}},"type":"binary-expr","locations":[{"start":{"line":183,"column":17},"end":{"line":183,"column":null}},{"start":{"line":184,"column":18},"end":{"line":184,"column":null}}],"line":183}},"s":{"0":0,"1":0,"2":0,"3":0,"4":0,"5":0,"6":0,"7":0,"8":0,"9":0,"10":0,"11":0,"12":0,"13":0,"14":0,"15":0,"16":0,"17":0,"18":0,"19":0,"20":0,"21":0,"22":0,"23":0,"24":0,"25":0,"26":0,"27":0,"28":0,"29":0,"30":0,"31":0,"32":0,"33":0,"34":0,"35":0,"36":0,"37":0,"38":0,"39":0,"40":0,"41":0,"42":0,"43":0,"44":0,"45":0,"46":0,"47":0,"48":0,"49":0,"50":0,"51":0,"52":0,"53":0,"54":0,"55":0,"56":0,"57":0,"58":0,"59":0,"60":0,"61":0,"62":0,"63":0,"64":0,"65":0,"66":0,"67":0,"68":0,"69":0,"70":0,"71":0,"72":0,"73":0},"f":{"0":0,"1":0,"2":0,"3":0,"4":0,"5":0,"6":0,"7":0,"8":0,"9":0,"10":0,"11":0,"12":0,"13":0,"14":0,"15":0,"16":0,"17":0,"18":0,"19":0,"20":0,"21":0,"22":0},"b":{"0":[0,0],"1":[0,0],"2":[0,0],"3":[0,0],"4":[0,0],"5":[0,0],"6":[0,0],"7":[0,0],"8":[0,0],"9":[0,0],"10":[0,0],"11":[0,0],"12":[0,0],"13":[0,0],"14":[0,0],"15":[0,0],"16":[0,0],"17":[0,0]},"meta":{"lastBranch":18,"lastFunction":23,"lastStatement":74,"seen":{"s:18:20:27:Infinity":0,"f:29:9:29:24":0,"s:30:26:30:Infinity":1,"b:31:2:31:Infinity:undefined:undefined:undefined:undefined":0,"s:31:2:31:Infinity":2,"s:31:18:31:Infinity":3,"b:32:2:32:Infinity:undefined:undefined:undefined:undefined":1,"s:32:2:32:Infinity":4,"s:32:18:32:Infinity":5,"b:33:2:33:Infinity:undefined:undefined:undefined:undefined":2,"s:33:2:33:Infinity":6,"s:33:19:33:Infinity":7,"b:34:2:34:Infinity:undefined:undefined:undefined:undefined":3,"s:34:2:34:Infinity":8,"s:34:17:34:Infinity":9,"s:35:2:35:Infinity":10,"b:35:38:35:64:35:64:35:73":4,"s:36:2:36:Infinity":11,"f:39:16:39:33":1,"s:40:24:40:Infinity":12,"s:41:40:41:Infinity":13,"s:42:8:42:Infinity":14,"s:43:8:43:Infinity":15,"s:44:8:44:Infinity":16,"s:46:46:46:Infinity":17,"s:47:20:47:Infinity":18,"f:47:36:47:37":2,"s:47:43:47:65":19,"s:48:18:48:Infinity":20,"s:50:8:88:Infinity":21,"f:50:24:50:30":3,"s:51:16:66:Infinity":22,"f:52:25:52:26":4,"s:52:35:58:8":23,"f:57:16:57:22":5,"s:57:22:57:Infinity":24,"f:59:23:59:24":6,"s:59:31:65:8":25,"b:68:4:68:Infinity:undefined:undefined:undefined:undefined":5,"s:68:4:68:Infinity":26,"s:68:23:68:Infinity":27,"s:70:14:70:Infinity":28,"s:71:21:71:Infinity":29,"f:71:32:71:33":7,"s:71:42:71:78":30,"s:74:28:85:Infinity":31,"f:75:14:75:15":8,"s:75:21:75:93":32,"b:75:21:75:58:75:58:75:93":6,"f:77:11:77:12":9,"s:77:19:85:8":33,"f:82:16:82:22":10,"s:83:10:83:Infinity":34,"s:87:4:87:Infinity":35,"s:91:2:93:Infinity":36,"f:91:12:91:18":11,"s:92:4:92:Infinity":37,"s:96:2:102:Infinity":38,"f:96:12:96:18":12,"b:97:4:101:Infinity:undefined:undefined:undefined:undefined":7,"s:97:4:101:Infinity":39,"s:98:6:98:Infinity":40,"s:99:6:99:Infinity":41,"s:100:6:100:Infinity":42,"f:100:17:100:23":13,"s:100:23:100:50":43,"s:105:2:109:Infinity":44,"f:105:12:105:18":14,"b:106:4:106:Infinity:undefined:undefined:undefined:undefined":8,"s:106:4:106:Infinity":45,"s:106:26:106:Infinity":46,"s:107:15:107:Infinity":47,"s:108:4:108:Infinity":48,"b:111:2:111:Infinity:undefined:undefined:undefined:undefined":9,"s:111:2:111:Infinity":49,"s:111:20:111:Infinity":50,"s:113:24:127:Infinity":51,"f:113:24:113:25":15,"b:114:4:126:Infinity:117:4:126:Infinity":10,"s:114:4:126:Infinity":52,"s:115:6:115:Infinity":53,"s:116:6:116:Infinity":54,"f:116:23:116:24":16,"s:116:30:116:63":55,"b:117:4:126:Infinity:120:4:126:Infinity":11,"s:117:4:126:Infinity":56,"s:118:6:118:Infinity":57,"s:119:6:119:Infinity":58,"f:119:23:119:24":17,"s:119:30:119:48":59,"b:120:4:126:Infinity:124:4:126:Infinity":12,"s:120:4:126:Infinity":60,"b:120:15:120:36:120:36:120:58":13,"s:121:6:121:Infinity":61,"s:122:6:122:Infinity":62,"s:123:6:123:Infinity":63,"b:124:4:126:Infinity:undefined:undefined:undefined:undefined":14,"s:124:4:126:Infinity":64,"s:125:6:125:Infinity":65,"s:129:2:191:Infinity":66,"f:132:15:132:21":18,"s:132:21:132:Infinity":67,"f:140:17:140:18":19,"s:140:24:140:Infinity":68,"f:149:22:149:23":20,"s:149:29:149:Infinity":69,"b:161:11:161:Infinity:162:12:164:Infinity":15,"f:166:21:166:22":21,"s:167:25:167:Infinity":70,"s:168:12:186:Infinity":71,"f:171:25:171:31":22,"s:172:18:172:Infinity":72,"s:173:18:173:Infinity":73,"b:177:22:177:Infinity:178:22:178:Infinity":16,"b:183:17:183:Infinity:184:18:184:Infinity":17}}}
,"/Users/jacie/dev/apps/claude-utils/src/components/common/ExportMenu.tsx": {"path":"/Users/jacie/dev/apps/claude-utils/src/components/common/ExportMenu.tsx","statementMap":{"0":{"start":{"line":9,"column":52},"end":{"line":13,"column":null}},"1":{"start":{"line":19,"column":2},"end":{"line":40,"column":null}},"2":{"start":{"line":29,"column":10},"end":{"line":37,"column":null}},"3":{"start":{"line":31,"column":27},"end":{"line":31,"column":null}}},"fnMap":{"0":{"name":"ExportMenu","decl":{"start":{"line":15,"column":16},"end":{"line":15,"column":27}},"loc":{"start":{"line":18,"column":20},"end":{"line":42,"column":null}},"line":18},"1":{"name":"(anonymous_1)","decl":{"start":{"line":28,"column":21},"end":{"line":28,"column":22}},"loc":{"start":{"line":29,"column":10},"end":{"line":37,"column":null}},"line":29},"2":{"name":"(anonymous_2)","decl":{"start":{"line":31,"column":21},"end":{"line":31,"column":27}},"loc":{"start":{"line":31,"column":27},"end":{"line":31,"column":null}},"line":31}},"branchMap":{"0":{"loc":{"start":{"line":17,"column":2},"end":{"line":17,"column":null}},"type":"default-arg","locations":[{"start":{"line":17,"column":12},"end":{"line":17,"column":null}}],"line":17},"1":{"loc":{"start":{"line":33,"column":14},"end":{"line":33,"column":null}},"type":"cond-expr","locations":[{"start":{"line":33,"column":24},"end":{"line":33,"column":41}},{"start":{"line":33,"column":41},"end":{"line":33,"column":null}}],"line":33},"2":{"loc":{"start":{"line":34,"column":16},"end":{"line":34,"column":62}},"type":"cond-expr","locations":[{"start":{"line":34,"column":43},"end":{"line":34,"column":60}},{"start":{"line":34,"column":60},"end":{"line":34,"column":62}}],"line":34}},"s":{"0":0,"1":0,"2":0,"3":0},"f":{"0":0,"1":0,"2":0},"b":{"0":[0],"1":[0,0],"2":[0,0]},"meta":{"lastBranch":3,"lastFunction":3,"lastStatement":4,"seen":{"s:9:52:13:Infinity":0,"f:15:16:15:27":0,"b:17:12:17:Infinity":0,"s:19:2:40:Infinity":1,"f:28:21:28:22":1,"s:29:10:37:Infinity":2,"f:31:21:31:27":2,"s:31:27:31:Infinity":3,"b:33:24:33:41:33:41:33:Infinity":1,"b:34:43:34:60:34:60:34:62":2}}}
,"/Users/jacie/dev/apps/claude-utils/src/components/common/TagBadge.tsx": {"path":"/Users/jacie/dev/apps/claude-utils/src/components/common/TagBadge.tsx","statementMap":{"0":{"start":{"line":10,"column":22},"end":{"line":10,"column":null}},"1":{"start":{"line":13,"column":18},"end":{"line":13,"column":null}},"2":{"start":{"line":14,"column":18},"end":{"line":14,"column":null}},"3":{"start":{"line":16,"column":2},"end":{"line":39,"column":null}},"4":{"start":{"line":31,"column":12},"end":{"line":31,"column":null}},"5":{"start":{"line":32,"column":12},"end":{"line":32,"column":null}}},"fnMap":{"0":{"name":"TagBadge","decl":{"start":{"line":12,"column":16},"end":{"line":12,"column":25}},"loc":{"start":{"line":12,"column":80},"end":{"line":41,"column":null}},"line":12},"1":{"name":"(anonymous_1)","decl":{"start":{"line":30,"column":19},"end":{"line":30,"column":20}},"loc":{"start":{"line":30,"column":26},"end":{"line":33,"column":null}},"line":30}},"branchMap":{"0":{"loc":{"start":{"line":12,"column":50},"end":{"line":12,"column":62}},"type":"default-arg","locations":[{"start":{"line":12,"column":57},"end":{"line":12,"column":62}}],"line":12},"1":{"loc":{"start":{"line":13,"column":18},"end":{"line":13,"column":null}},"type":"binary-expr","locations":[{"start":{"line":13,"column":18},"end":{"line":13,"column":27}},{"start":{"line":13,"column":27},"end":{"line":13,"column":null}}],"line":13},"2":{"loc":{"start":{"line":19,"column":8},"end":{"line":19,"column":null}},"type":"cond-expr","locations":[{"start":{"line":19,"column":18},"end":{"line":19,"column":42}},{"start":{"line":19,"column":42},"end":{"line":19,"column":null}}],"line":19},"3":{"loc":{"start":{"line":28,"column":7},"end":{"line":37,"column":null}},"type":"binary-expr","locations":[{"start":{"line":28,"column":7},"end":{"line":28,"column":null}},{"start":{"line":29,"column":8},"end":{"line":37,"column":null}}],"line":28},"4":{"loc":{"start":{"line":36,"column":19},"end":{"line":36,"column":38}},"type":"cond-expr","locations":[{"start":{"line":36,"column":29},"end":{"line":36,"column":34}},{"start":{"line":36,"column":34},"end":{"line":36,"column":38}}],"line":36}},"s":{"0":1,"1":5,"2":5,"3":5,"4":2,"5":2},"f":{"0":5,"1":2},"b":{"0":[5],"1":[5,5],"2":[5,0],"3":[5,3],"4":[3,0]},"meta":{"lastBranch":5,"lastFunction":2,"lastStatement":6,"seen":{"s:10:22:10:Infinity":0,"f:12:16:12:25":0,"b:12:57:12:62":0,"s:13:18:13:Infinity":1,"b:13:18:13:27:13:27:13:Infinity":1,"s:14:18:14:Infinity":2,"s:16:2:39:Infinity":3,"b:19:18:19:42:19:42:19:Infinity":2,"b:28:7:28:Infinity:29:8:37:Infinity":3,"f:30:19:30:20":1,"s:31:12:31:Infinity":4,"s:32:12:32:Infinity":5,"b:36:29:36:34:36:34:36:38":4}}}
,"/Users/jacie/dev/apps/claude-utils/src/components/common/TagInput.tsx": {"path":"/Users/jacie/dev/apps/claude-utils/src/components/common/TagInput.tsx","statementMap":{"0":{"start":{"line":22,"column":24},"end":{"line":22,"column":null}},"1":{"start":{"line":23,"column":26},"end":{"line":23,"column":null}},"2":{"start":{"line":24,"column":42},"end":{"line":24,"column":null}},"3":{"start":{"line":25,"column":8},"end":{"line":25,"column":null}},"4":{"start":{"line":26,"column":8},"end":{"line":26,"column":null}},"5":{"start":{"line":28,"column":46},"end":{"line":28,"column":null}},"6":{"start":{"line":31,"column":2},"end":{"line":33,"column":null}},"7":{"start":{"line":32,"column":4},"end":{"line":32,"column":null}},"8":{"start":{"line":36,"column":22},"end":{"line":38,"column":null}},"9":{"start":{"line":37,"column":13},"end":{"line":37,"column":null}},"10":{"start":{"line":37,"column":40},"end":{"line":37,"column":56}},"11":{"start":{"line":40,"column":27},"end":{"line":42,"column":null}},"12":{"start":{"line":41,"column":11},"end":{"line":41,"column":null}},"13":{"start":{"line":45,"column":2},"end":{"line":58,"column":null}},"14":{"start":{"line":46,"column":24},"end":{"line":55,"column":null}},"15":{"start":{"line":47,"column":6},"end":{"line":54,"column":null}},"16":{"start":{"line":53,"column":8},"end":{"line":53,"column":null}},"17":{"start":{"line":56,"column":4},"end":{"line":56,"column":null}},"18":{"start":{"line":57,"column":4},"end":{"line":57,"column":null}},"19":{"start":{"line":57,"column":17},"end":{"line":57,"column":null}},"20":{"start":{"line":60,"column":8},"end":{"line":70,"column":null}},"21":{"start":{"line":61,"column":4},"end":{"line":61,"column":null}},"22":{"start":{"line":61,"column":23},"end":{"line":61,"column":null}},"23":{"start":{"line":62,"column":4},"end":{"line":69,"column":null}},"24":{"start":{"line":63,"column":18},"end":{"line":63,"column":null}},"25":{"start":{"line":64,"column":6},"end":{"line":64,"column":null}},"26":{"start":{"line":65,"column":6},"end":{"line":65,"column":null}},"27":{"start":{"line":66,"column":6},"end":{"line":66,"column":null}},"28":{"start":{"line":72,"column":24},"end":{"line":93,"column":null}},"29":{"start":{"line":73,"column":23},"end":{"line":73,"column":null}},"30":{"start":{"line":75,"column":4},"end":{"line":92,"column":null}},"31":{"start":{"line":76,"column":6},"end":{"line":76,"column":null}},"32":{"start":{"line":77,"column":6},"end":{"line":77,"column":null}},"33":{"start":{"line":77,"column":31},"end":{"line":77,"column":62}},"34":{"start":{"line":78,"column":4},"end":{"line":92,"column":null}},"35":{"start":{"line":79,"column":6},"end":{"line":79,"column":null}},"36":{"start":{"line":80,"column":6},"end":{"line":80,"column":null}},"37":{"start":{"line":80,"column":31},"end":{"line":80,"column":49}},"38":{"start":{"line":81,"column":4},"end":{"line":92,"column":null}},"39":{"start":{"line":82,"column":6},"end":{"line":82,"column":null}},"40":{"start":{"line":83,"column":6},"end":{"line":89,"column":null}},"41":{"start":{"line":84,"column":8},"end":{"line":84,"column":null}},"42":{"start":{"line":85,"column":8},"end":{"line":85,"column":null}},"43":{"start":{"line":86,"column":8},"end":{"line":86,"column":null}},"44":{"start":{"line":87,"column":6},"end":{"line":89,"column":null}},"45":{"start":{"line":88,"column":8},"end":{"line":88,"column":null}},"46":{"start":{"line":90,"column":4},"end":{"line":92,"column":null}},"47":{"start":{"line":91,"column":6},"end":{"line":91,"column":null}},"48":{"start":{"line":95,"column":2},"end":{"line":172,"column":null}},"49":{"start":{"line":101,"column":12},"end":{"line":106,"column":null}},"50":{"start":{"line":105,"column":30},"end":{"line":105,"column":null}},"51":{"start":{"line":117,"column":10},"end":{"line":117,"column":null}},"52":{"start":{"line":118,"column":10},"end":{"line":118,"column":null}},"53":{"start":{"line":119,"column":10},"end":{"line":119,"column":null}},"54":{"start":{"line":121,"column":23},"end":{"line":121,"column":null}},"55":{"start":{"line":134,"column":12},"end":{"line":155,"column":null}},"56":{"start":{"line":137,"column":16},"end":{"line":137,"column":null}},"57":{"start":{"line":138,"column":16},"end":{"line":138,"column":null}},"58":{"start":{"line":139,"column":16},"end":{"line":139,"column":null}}},"fnMap":{"0":{"name":"TagInput","decl":{"start":{"line":15,"column":16},"end":{"line":15,"column":25}},"loc":{"start":{"line":21,"column":18},"end":{"line":174,"column":null}},"line":21},"1":{"name":"(anonymous_1)","decl":{"start":{"line":31,"column":12},"end":{"line":31,"column":18}},"loc":{"start":{"line":31,"column":18},"end":{"line":33,"column":5}},"line":31},"2":{"name":"(anonymous_2)","decl":{"start":{"line":37,"column":4},"end":{"line":37,"column":5}},"loc":{"start":{"line":37,"column":13},"end":{"line":37,"column":null}},"line":37},"3":{"name":"(anonymous_3)","decl":{"start":{"line":37,"column":32},"end":{"line":37,"column":33}},"loc":{"start":{"line":37,"column":40},"end":{"line":37,"column":56}},"line":37},"4":{"name":"(anonymous_4)","decl":{"start":{"line":41,"column":4},"end":{"line":41,"column":5}},"loc":{"start":{"line":41,"column":11},"end":{"line":41,"column":null}},"line":41},"5":{"name":"(anonymous_5)","decl":{"start":{"line":45,"column":12},"end":{"line":45,"column":18}},"loc":{"start":{"line":45,"column":18},"end":{"line":58,"column":5}},"line":45},"6":{"name":"(anonymous_6)","decl":{"start":{"line":46,"column":24},"end":{"line":46,"column":25}},"loc":{"start":{"line":46,"column":43},"end":{"line":55,"column":null}},"line":46},"7":{"name":"(anonymous_7)","decl":{"start":{"line":57,"column":11},"end":{"line":57,"column":17}},"loc":{"start":{"line":57,"column":17},"end":{"line":57,"column":null}},"line":57},"8":{"name":"(anonymous_8)","decl":{"start":{"line":60,"column":41},"end":{"line":60,"column":53}},"loc":{"start":{"line":60,"column":53},"end":{"line":70,"column":5}},"line":60},"9":{"name":"(anonymous_9)","decl":{"start":{"line":72,"column":24},"end":{"line":72,"column":25}},"loc":{"start":{"line":72,"column":52},"end":{"line":93,"column":null}},"line":72},"10":{"name":"(anonymous_10)","decl":{"start":{"line":77,"column":24},"end":{"line":77,"column":25}},"loc":{"start":{"line":77,"column":31},"end":{"line":77,"column":62}},"line":77},"11":{"name":"(anonymous_11)","decl":{"start":{"line":80,"column":24},"end":{"line":80,"column":25}},"loc":{"start":{"line":80,"column":31},"end":{"line":80,"column":49}},"line":80},"12":{"name":"(anonymous_12)","decl":{"start":{"line":100,"column":28},"end":{"line":100,"column":29}},"loc":{"start":{"line":101,"column":12},"end":{"line":106,"column":null}},"line":101},"13":{"name":"(anonymous_13)","decl":{"start":{"line":105,"column":24},"end":{"line":105,"column":30}},"loc":{"start":{"line":105,"column":30},"end":{"line":105,"column":null}},"line":105},"14":{"name":"(anonymous_14)","decl":{"start":{"line":116,"column":18},"end":{"line":116,"column":19}},"loc":{"start":{"line":116,"column":25},"end":{"line":120,"column":null}},"line":116},"15":{"name":"(anonymous_15)","decl":{"start":{"line":121,"column":17},"end":{"line":121,"column":23}},"loc":{"start":{"line":121,"column":23},"end":{"line":121,"column":null}},"line":121},"16":{"name":"(anonymous_16)","decl":{"start":{"line":133,"column":27},"end":{"line":133,"column":28}},"loc":{"start":{"line":134,"column":12},"end":{"line":155,"column":null}},"line":134},"17":{"name":"(anonymous_17)","decl":{"start":{"line":136,"column":23},"end":{"line":136,"column":29}},"loc":{"start":{"line":136,"column":29},"end":{"line":140,"column":null}},"line":136}},"branchMap":{"0":{"loc":{"start":{"line":20,"column":2},"end":{"line":20,"column":null}},"type":"default-arg","locations":[{"start":{"line":20,"column":16},"end":{"line":20,"column":null}}],"line":20},"1":{"loc":{"start":{"line":32,"column":14},"end":{"line":32,"column":34}},"type":"binary-expr","locations":[{"start":{"line":32,"column":14},"end":{"line":32,"column":23}},{"start":{"line":32,"column":23},"end":{"line":32,"column":34}}],"line":32},"2":{"loc":{"start":{"line":40,"column":27},"end":{"line":42,"column":null}},"type":"binary-expr","locations":[{"start":{"line":40,"column":27},"end":{"line":40,"column":43}},{"start":{"line":40,"column":43},"end":{"line":42,"column":null}}],"line":40},"3":{"loc":{"start":{"line":47,"column":6},"end":{"line":54,"column":null}},"type":"if","locations":[{"start":{"line":47,"column":6},"end":{"line":54,"column":null}},{"start":{},"end":{}}],"line":47},"4":{"loc":{"start":{"line":48,"column":8},"end":{"line":51,"column":null}},"type":"binary-expr","locations":[{"start":{"line":48,"column":8},"end":{"line":48,"column":null}},{"start":{"line":49,"column":8},"end":{"line":49,"column":null}},{"start":{"line":50,"column":8},"end":{"line":50,"column":null}},{"start":{"line":51,"column":8},"end":{"line":51,"column":null}}],"line":48},"5":{"loc":{"start":{"line":61,"column":4},"end":{"line":61,"column":null}},"type":"if","locations":[{"start":{"line":61,"column":4},"end":{"line":61,"column":null}},{"start":{},"end":{}}],"line":61},"6":{"loc":{"start":{"line":73,"column":45},"end":{"line":73,"column":null}},"type":"cond-expr","locations":[{"start":{"line":73,"column":64},"end":{"line":73,"column":68}},{"start":{"line":73,"column":68},"end":{"line":73,"column":null}}],"line":73},"7":{"loc":{"start":{"line":75,"column":4},"end":{"line":92,"column":null}},"type":"if","locations":[{"start":{"line":75,"column":4},"end":{"line":92,"column":null}},{"start":{"line":78,"column":4},"end":{"line":92,"column":null}}],"line":75},"8":{"loc":{"start":{"line":78,"column":4},"end":{"line":92,"column":null}},"type":"if","locations":[{"start":{"line":78,"column":4},"end":{"line":92,"column":null}},{"start":{"line":81,"column":4},"end":{"line":92,"column":null}}],"line":78},"9":{"loc":{"start":{"line":81,"column":4},"end":{"line":92,"column":null}},"type":"if","locations":[{"start":{"line":81,"column":4},"end":{"line":92,"column":null}},{"start":{"line":90,"column":4},"end":{"line":92,"column":null}}],"line":81},"10":{"loc":{"start":{"line":83,"column":6},"end":{"line":89,"column":null}},"type":"if","locations":[{"start":{"line":83,"column":6},"end":{"line":89,"column":null}},{"start":{"line":87,"column":6},"end":{"line":89,"column":null}}],"line":83},"11":{"loc":{"start":{"line":87,"column":6},"end":{"line":89,"column":null}},"type":"if","locations":[{"start":{"line":87,"column":6},"end":{"line":89,"column":null}},{"start":{},"end":{}}],"line":87},"12":{"loc":{"start":{"line":90,"column":4},"end":{"line":92,"column":null}},"type":"if","locations":[{"start":{"line":90,"column":4},"end":{"line":92,"column":null}},{"start":{},"end":{}}],"line":90},"13":{"loc":{"start":{"line":98,"column":7},"end":{"line":108,"column":null}},"type":"binary-expr","locations":[{"start":{"line":98,"column":7},"end":{"line":98,"column":null}},{"start":{"line":99,"column":8},"end":{"line":108,"column":null}}],"line":98},"14":{"loc":{"start":{"line":128,"column":7},"end":{"line":170,"column":null}},"type":"binary-expr","locations":[{"start":{"line":128,"column":7},"end":{"line":128,"column":18}},{"start":{"line":128,"column":18},"end":{"line":128,"column":44}},{"start":{"line":128,"column":44},"end":{"line":128,"column":null}},{"start":{"line":129,"column":8},"end":{"line":170,"column":null}}],"line":128},"15":{"loc":{"start":{"line":142,"column":16},"end":{"line":144,"column":null}},"type":"cond-expr","locations":[{"start":{"line":143,"column":20},"end":{"line":143,"column":null}},{"start":{"line":144,"column":20},"end":{"line":144,"column":null}}],"line":142},"16":{"loc":{"start":{"line":147,"column":15},"end":{"line":151,"column":null}},"type":"binary-expr","locations":[{"start":{"line":147,"column":15},"end":{"line":147,"column":null}},{"start":{"line":148,"column":16},"end":{"line":151,"column":null}}],"line":147},"17":{"loc":{"start":{"line":157,"column":11},"end":{"line":168,"column":null}},"type":"binary-expr","locations":[{"start":{"line":157,"column":11},"end":{"line":157,"column":null}},{"start":{"line":158,"column":12},"end":{"line":168,"column":null}}],"line":157},"18":{"loc":{"start":{"line":161,"column":16},"end":{"line":163,"column":null}},"type":"cond-expr","locations":[{"start":{"line":162,"column":20},"end":{"line":162,"column":null}},{"start":{"line":163,"column":20},"end":{"line":163,"column":null}}],"line":161}},"s":{"0":0,"1":0,"2":0,"3":0,"4":0,"5":0,"6":0,"7":0,"8":0,"9":0,"10":0,"11":0,"12":0,"13":0,"14":0,"15":0,"16":0,"17":0,"18":0,"19":0,"20":0,"21":0,"22":0,"23":0,"24":0,"25":0,"26":0,"27":0,"28":0,"29":0,"30":0,"31":0,"32":0,"33":0,"34":0,"35":0,"36":0,"37":0,"38":0,"39":0,"40":0,"41":0,"42":0,"43":0,"44":0,"45":0,"46":0,"47":0,"48":0,"49":0,"50":0,"51":0,"52":0,"53":0,"54":0,"55":0,"56":0,"57":0,"58":0},"f":{"0":0,"1":0,"2":0,"3":0,"4":0,"5":0,"6":0,"7":0,"8":0,"9":0,"10":0,"11":0,"12":0,"13":0,"14":0,"15":0,"16":0,"17":0},"b":{"0":[0],"1":[0,0],"2":[0,0],"3":[0,0],"4":[0,0,0,0],"5":[0,0],"6":[0,0],"7":[0,0],"8":[0,0],"9":[0,0],"10":[0,0],"11":[0,0],"12":[0,0],"13":[0,0],"14":[0,0,0,0],"15":[0,0],"16":[0,0],"17":[0,0],"18":[0,0]},"meta":{"lastBranch":19,"lastFunction":18,"lastStatement":59,"seen":{"f:15:16:15:25":0,"b:20:16:20:Infinity":0,"s:22:24:22:Infinity":0,"s:23:26:23:Infinity":1,"s:24:42:24:Infinity":2,"s:25:8:25:Infinity":3,"s:26:8:26:Infinity":4,"s:28:46:28:Infinity":5,"s:31:2:33:Infinity":6,"f:31:12:31:18":1,"s:32:4:32:Infinity":7,"b:32:14:32:23:32:23:32:34":1,"s:36:22:38:Infinity":8,"f:37:4:37:5":2,"s:37:13:37:Infinity":9,"f:37:32:37:33":3,"s:37:40:37:56":10,"s:40:27:42:Infinity":11,"b:40:27:40:43:40:43:42:Infinity":2,"f:41:4:41:5":4,"s:41:11:41:Infinity":12,"s:45:2:58:Infinity":13,"f:45:12:45:18":5,"s:46:24:55:Infinity":14,"f:46:24:46:25":6,"b:47:6:54:Infinity:undefined:undefined:undefined:undefined":3,"s:47:6:54:Infinity":15,"b:48:8:48:Infinity:49:8:49:Infinity:50:8:50:Infinity:51:8:51:Infinity":4,"s:53:8:53:Infinity":16,"s:56:4:56:Infinity":17,"s:57:4:57:Infinity":18,"f:57:11:57:17":7,"s:57:17:57:Infinity":19,"s:60:8:70:Infinity":20,"f:60:41:60:53":8,"b:61:4:61:Infinity:undefined:undefined:undefined:undefined":5,"s:61:4:61:Infinity":21,"s:61:23:61:Infinity":22,"s:62:4:69:Infinity":23,"s:63:18:63:Infinity":24,"s:64:6:64:Infinity":25,"s:65:6:65:Infinity":26,"s:66:6:66:Infinity":27,"s:72:24:93:Infinity":28,"f:72:24:72:25":9,"s:73:23:73:Infinity":29,"b:73:64:73:68:73:68:73:Infinity":6,"b:75:4:92:Infinity:78:4:92:Infinity":7,"s:75:4:92:Infinity":30,"s:76:6:76:Infinity":31,"s:77:6:77:Infinity":32,"f:77:24:77:25":10,"s:77:31:77:62":33,"b:78:4:92:Infinity:81:4:92:Infinity":8,"s:78:4:92:Infinity":34,"s:79:6:79:Infinity":35,"s:80:6:80:Infinity":36,"f:80:24:80:25":11,"s:80:31:80:49":37,"b:81:4:92:Infinity:90:4:92:Infinity":9,"s:81:4:92:Infinity":38,"s:82:6:82:Infinity":39,"b:83:6:89:Infinity:87:6:89:Infinity":10,"s:83:6:89:Infinity":40,"s:84:8:84:Infinity":41,"s:85:8:85:Infinity":42,"s:86:8:86:Infinity":43,"b:87:6:89:Infinity:undefined:undefined:undefined:undefined":11,"s:87:6:89:Infinity":44,"s:88:8:88:Infinity":45,"b:90:4:92:Infinity:undefined:undefined:undefined:undefined":12,"s:90:4:92:Infinity":46,"s:91:6:91:Infinity":47,"s:95:2:172:Infinity":48,"b:98:7:98:Infinity:99:8:108:Infinity":13,"f:100:28:100:29":12,"s:101:12:106:Infinity":49,"f:105:24:105:30":13,"s:105:30:105:Infinity":50,"f:116:18:116:19":14,"s:117:10:117:Infinity":51,"s:118:10:118:Infinity":52,"s:119:10:119:Infinity":53,"f:121:17:121:23":15,"s:121:23:121:Infinity":54,"b:128:7:128:18:128:18:128:44:128:44:128:Infinity:129:8:170:Infinity":14,"f:133:27:133:28":16,"s:134:12:155:Infinity":55,"f:136:23:136:29":17,"s:137:16:137:Infinity":56,"s:138:16:138:Infinity":57,"s:139:16:139:Infinity":58,"b:143:20:143:Infinity:144:20:144:Infinity":15,"b:147:15:147:Infinity:148:16:151:Infinity":16,"b:157:11:157:Infinity:158:12:168:Infinity":17,"b:162:20:162:Infinity:163:20:163:Infinity":18}}}
,"/Users/jacie/dev/apps/claude-utils/src/components/common/Toast.tsx": {"path":"/Users/jacie/dev/apps/claude-utils/src/components/common/Toast.tsx","statementMap":{"0":{"start":{"line":4,"column":14},"end":{"line":8,"column":null}},"1":{"start":{"line":10,"column":15},"end":{"line":14,"column":null}},"2":{"start":{"line":17,"column":30},"end":{"line":17,"column":null}},"3":{"start":{"line":19,"column":2},"end":{"line":19,"column":null}},"4":{"start":{"line":19,"column":27},"end":{"line":19,"column":null}},"5":{"start":{"line":21,"column":2},"end":{"line":41,"column":null}},"6":{"start":{"line":24,"column":21},"end":{"line":24,"column":null}},"7":{"start":{"line":25,"column":8},"end":{"line":38,"column":null}},"8":{"start":{"line":33,"column":29},"end":{"line":33,"column":null}}},"fnMap":{"0":{"name":"ToastContainer","decl":{"start":{"line":16,"column":16},"end":{"line":16,"column":33}},"loc":{"start":{"line":16,"column":33},"end":{"line":43,"column":null}},"line":16},"1":{"name":"(anonymous_1)","decl":{"start":{"line":23,"column":18},"end":{"line":23,"column":19}},"loc":{"start":{"line":23,"column":29},"end":{"line":40,"column":7}},"line":23},"2":{"name":"(anonymous_2)","decl":{"start":{"line":33,"column":23},"end":{"line":33,"column":29}},"loc":{"start":{"line":33,"column":29},"end":{"line":33,"column":null}},"line":33}},"branchMap":{"0":{"loc":{"start":{"line":19,"column":2},"end":{"line":19,"column":null}},"type":"if","locations":[{"start":{"line":19,"column":2},"end":{"line":19,"column":null}},{"start":{},"end":{}}],"line":19}},"s":{"0":0,"1":0,"2":0,"3":0,"4":0,"5":0,"6":0,"7":0,"8":0},"f":{"0":0,"1":0,"2":0},"b":{"0":[0,0]},"meta":{"lastBranch":1,"lastFunction":3,"lastStatement":9,"seen":{"s:4:14:8:Infinity":0,"s:10:15:14:Infinity":1,"f:16:16:16:33":0,"s:17:30:17:Infinity":2,"b:19:2:19:Infinity:undefined:undefined:undefined:undefined":0,"s:19:2:19:Infinity":3,"s:19:27:19:Infinity":4,"s:21:2:41:Infinity":5,"f:23:18:23:19":1,"s:24:21:24:Infinity":6,"s:25:8:38:Infinity":7,"f:33:23:33:29":2,"s:33:29:33:Infinity":8}}}
[...]
ull}},"8":{"start":{"line":75,"column":4},"end":{"line":79,"column":null}},"9":{"start":{"line":81,"column":30},"end":{"line":81,"column":null}},"10":{"start":{"line":84,"column":4},"end":{"line":88,"column":null}}},"fnMap":{"0":{"name":"(anonymous_0)","decl":{"start":{"line":38,"column":44},"end":{"line":38,"column":45}},"loc":{"start":{"line":38,"column":54},"end":{"line":89,"column":2}},"line":38},"1":{"name":"(anonymous_1)","decl":{"start":{"line":60,"column":12},"end":{"line":60,"column":13}},"loc":{"start":{"line":60,"column":23},"end":{"line":60,"column":null}},"line":60},"2":{"name":"(anonymous_2)","decl":{"start":{"line":62,"column":17},"end":{"line":62,"column":23}},"loc":{"start":{"line":62,"column":23},"end":{"line":62,"column":null}},"line":62},"3":{"name":"(anonymous_3)","decl":{"start":{"line":62,"column":27},"end":{"line":62,"column":28}},"loc":{"start":{"line":62,"column":39},"end":{"line":62,"column":75}},"line":62},"4":{"name":"(anonymous_4)","decl":{"start":{"line":64,"column":18},"end":{"line":64,"column":19}},"loc":{"start":{"line":64,"column":28},"end":{"line":64,"column":null}},"line":64},"5":{"name":"(anonymous_5)","decl":{"start":{"line":66,"column":14},"end":{"line":66,"column":15}},"loc":{"start":{"line":66,"column":27},"end":{"line":66,"column":null}},"line":66},"6":{"name":"(anonymous_6)","decl":{"start":{"line":68,"column":12},"end":{"line":68,"column":13}},"loc":{"start":{"line":69,"column":4},"end":{"line":72,"column":null}},"line":69},"7":{"name":"(anonymous_7)","decl":{"start":{"line":74,"column":15},"end":{"line":74,"column":16}},"loc":{"start":{"line":75,"column":4},"end":{"line":79,"column":null}},"line":75},"8":{"name":"(anonymous_8)","decl":{"start":{"line":81,"column":14},"end":{"line":81,"column":15}},"loc":{"start":{"line":81,"column":30},"end":{"line":81,"column":null}},"line":81},"9":{"name":"(anonymous_9)","decl":{"start":{"line":83,"column":18},"end":{"line":83,"column":19}},"loc":{"start":{"line":84,"column":4},"end":{"line":88,"column":null}},"line":84}},"branchMap":{"0":{"loc":{"start":{"line":76,"column":6},"end":{"line":78,"column":null}},"type":"cond-expr","locations":[{"start":{"line":77,"column":10},"end":{"line":77,"column":null}},{"start":{"line":78,"column":10},"end":{"line":78,"column":null}}],"line":76}},"s":{"0":0,"1":0,"2":0,"3":0,"4":0,"5":0,"6":0,"7":0,"8":0,"9":0,"10":0},"f":{"0":0,"1":0,"2":0,"3":0,"4":0,"5":0,"6":0,"7":0,"8":0,"9":0},"b":{"0":[0,0]},"meta":{"lastBranch":1,"lastFunction":10,"lastStatement":11,"seen":{"s:38:13:89:Infinity":0,"f:38:44:38:45":0,"s:38:54:89:2":1,"f:60:12:60:13":1,"s:60:23:60:Infinity":2,"f:62:17:62:23":2,"s:62:23:62:Infinity":3,"f:62:27:62:28":3,"s:62:39:62:75":4,"f:64:18:64:19":4,"s:64:28:64:Infinity":5,"f:66:14:66:15":5,"s:66:27:66:Infinity":6,"f:68:12:68:13":6,"s:69:4:72:Infinity":7,"f:74:15:74:16":7,"s:75:4:79:Infinity":8,"b:77:10:77:Infinity:78:10:78:Infinity":0,"f:81:14:81:15":8,"s:81:30:81:Infinity":9,"f:83:18:83:19":9,"s:84:4:88:Infinity":10}}}
,"/Users/jacie/dev/apps/claude-utils/src/stores/promptStore.ts": {"path":"/Users/jacie/dev/apps/claude-utils/src/stores/promptStore.ts","statementMap":{"0":{"start":{"line":32,"column":14},"end":{"line":32,"column":null}},"1":{"start":{"line":34,"column":13},"end":{"line":101,"column":null}},"2":{"start":{"line":34,"column":65},"end":{"line":101,"column":2}},"3":{"start":{"line":43,"column":18},"end":{"line":43,"column":null}},"4":{"start":{"line":44,"column":19},"end":{"line":44,"column":null}},"5":{"start":{"line":46,"column":4},"end":{"line":46,"column":null}},"6":{"start":{"line":47,"column":4},"end":{"line":62,"column":null}},"7":{"start":{"line":48,"column":21},"end":{"line":53,"column":null}},"8":{"start":{"line":54,"column":6},"end":{"line":59,"column":null}},"9":{"start":{"line":61,"column":6},"end":{"line":61,"column":null}},"10":{"start":{"line":66,"column":4},"end":{"line":71,"column":null}},"11":{"start":{"line":67,"column":22},"end":{"line":67,"column":null}},"12":{"start":{"line":68,"column":6},"end":{"line":68,"column":null}},"13":{"start":{"line":75,"column":19},"end":{"line":75,"column":null}},"14":{"start":{"line":76,"column":4},"end":{"line":76,"column":null}},"15":{"start":{"line":78,"column":4},"end":{"line":78,"column":null}},"16":{"start":{"line":79,"column":4},"end":{"line":79,"column":null}},"17":{"start":{"line":83,"column":20},"end":{"line":83,"column":null}},"18":{"start":{"line":84,"column":4},"end":{"line":86,"column":null}},"19":{"start":{"line":85,"column":41},"end":{"line":85,"column":67}},"20":{"start":{"line":87,"column":4},"end":{"line":87,"column":null}},"21":{"start":{"line":91,"column":4},"end":{"line":91,"column":null}},"22":{"start":{"line":92,"column":4},"end":{"line":92,"column":null}},"23":{"start":{"line":92,"column":47},"end":{"line":92,"column":58}},"24":{"start":{"line":96,"column":20},"end":{"line":96,"column":null}},"25":{"start":{"line":97,"column":4},"end":{"line":99,"column":null}},"26":{"start":{"line":98,"column":41},"end":{"line":98,"column":67}}},"fnMap":{"0":{"name":"(anonymous_0)","decl":{"start":{"line":34,"column":50},"end":{"line":34,"column":51}},"loc":{"start":{"line":34,"column":65},"end":{"line":101,"column":2}},"line":34},"1":{"name":"(anonymous_1)","decl":{"start":{"line":42,"column":16},"end":{"line":42,"column":23}},"loc":{"start":{"line":42,"column":35},"end":{"line":63,"column":null}},"line":42},"2":{"name":"(anonymous_2)","decl":{"start":{"line":65,"column":16},"end":{"line":65,"column":28}},"loc":{"start":{"line":65,"column":28},"end":{"line":72,"column":null}},"line":65},"3":{"name":"(anonymous_3)","decl":{"start":{"line":74,"column":16},"end":{"line":74,"column":23}},"loc":{"start":{"line":74,"column":32},"end":{"line":80,"column":null}},"line":74},"4":{"name":"(anonymous_4)","decl":{"start":{"line":82,"column":16},"end":{"line":82,"column":23}},"loc":{"start":{"line":82,"column":36},"end":{"line":88,"column":null}},"line":82},"5":{"name":"(anonymous_5)","decl":{"start":{"line":85,"column":33},"end":{"line":85,"column":34}},"loc":{"start":{"line":85,"column":41},"end":{"line":85,"column":67}},"line":85},"6":{"name":"(anonymous_6)","decl":{"start":{"line":90,"column":16},"end":{"line":90,"column":23}},"loc":{"start":{"line":90,"column":30},"end":{"line":93,"column":null}},"line":90},"7":{"name":"(anonymous_7)","decl":{"start":{"line":92,"column":40},"end":{"line":92,"column":41}},"loc":{"start":{"line":92,"column":47},"end":{"line":92,"column":58}},"line":92},"8":{"name":"(anonymous_8)","decl":{"start":{"line":95,"column":13},"end":{"line":95,"column":20}},"loc":{"start":{"line":95,"column":27},"end":{"line":100,"column":null}},"line":95},"9":{"name":"(anonymous_9)","decl":{"start":{"line":98,"column":33},"end":{"line":98,"column":34}},"loc":{"start":{"line":98,"column":41},"end":{"line":98,"column":67}},"line":98}},"branchMap":{"0":{"loc":{"start":{"line":43,"column":18},"end":{"line":43,"column":null}},"type":"binary-expr","locations":[{"start":{"line":43,"column":18},"end":{"line":43,"column":36}},{"start":{"line":43,"column":36},"end":{"line":43,"column":null}}],"line":43},"1":{"loc":{"start":{"line":44,"column":19},"end":{"line":44,"column":null}},"type":"cond-expr","locations":[{"start":{"line":44,"column":27},"end":{"line":44,"column":31}},{"start":{"line":44,"column":31},"end":{"line":44,"column":null}}],"line":44},"2":{"loc":{"start":{"line":55,"column":17},"end":{"line":55,"column":null}},"type":"cond-expr","locations":[{"start":{"line":55,"column":25},"end":{"line":55,"column":39}},{"start":{"line":55,"column":39},"end":{"line":55,"column":null}}],"line":55},"3":{"loc":{"start":{"line":85,"column":41},"end":{"line":85,"column":67}},"type":"cond-expr","locations":[{"start":{"line":85,"column":55},"end":{"line":85,"column":65}},{"start":{"line":85,"column":65},"end":{"line":85,"column":67}}],"line":85},"4":{"loc":{"start":{"line":98,"column":41},"end":{"line":98,"column":67}},"type":"cond-expr","locations":[{"start":{"line":98,"column":55},"end":{"line":98,"column":65}},{"start":{"line":98,"column":65},"end":{"line":98,"column":67}}],"line":98}},"s":{"0":1,"1":1,"2":1,"3":3,"4":3,"5":3,"6":3,"7":3,"8":2,"9":1,"10":3,"11":3,"12":3,"13":1,"14":1,"15":1,"16":1,"17":1,"18":1,"19":1,"20":1,"21":1,"22":1,"23":1,"24":1,"25":1,"26":1},"f":{"0":1,"1":3,"2":3,"3":1,"4":1,"5":1,"6":1,"7":1,"8":1,"9":1},"b":{"0":[3,1],"1":[2,1],"2":[1,1],"3":[1,0],"4":[1,0]},"meta":{"lastBranch":5,"lastFunction":10,"lastStatement":27,"seen":{"s:32:14:32:Infinity":0,"s:34:13:101:Infinity":1,"f:34:50:34:51":0,"s:34:65:101:2":2,"f:42:16:42:23":1,"s:43:18:43:Infinity":3,"b:43:18:43:36:43:36:43:Infinity":0,"s:44:19:44:Infinity":4,"b:44:27:44:31:44:31:44:Infinity":1,"s:46:4:46:Infinity":5,"s:47:4:62:Infinity":6,"s:48:21:53:Infinity":7,"s:54:6:59:Infinity":8,"b:55:25:55:39:55:39:55:Infinity":2,"s:61:6:61:Infinity":9,"f:65:16:65:28":2,"s:66:4:71:Infinity":10,"s:67:22:67:Infinity":11,"s:68:6:68:Infinity":12,"f:74:16:74:23":3,"s:75:19:75:Infinity":13,"s:76:4:76:Infinity":14,"s:78:4:78:Infinity":15,"s:79:4:79:Infinity":16,"f:82:16:82:23":4,"s:83:20:83:Infinity":17,"s:84:4:86:Infinity":18,"f:85:33:85:34":5,"s:85:41:85:67":19,"b:85:55:85:65:85:65:85:67":3,"s:87:4:87:Infinity":20,"f:90:16:90:23":6,"s:91:4:91:Infinity":21,"s:92:4:92:Infinity":22,"f:92:40:92:41":7,"s:92:47:92:58":23,"f:95:13:95:20":8,"s:96:20:96:Infinity":24,"s:97:4:99:Infinity":25,"f:98:33:98:34":9,"s:98:41:98:67":26,"b:98:55:98:65:98:65:98:67":4}}}
,"/Users/jacie/dev/apps/claude-utils/src/stores/shortcutStore.ts": {"path":"/Users/jacie/dev/apps/claude-utils/src/stores/shortcutStore.ts","statementMap":{"0":{"start":{"line":28,"column":13},"end":{"line":50,"column":null}},"1":{"start":{"line":28,"column":69},"end":{"line":50,"column":2}},"2":{"start":{"line":33,"column":4},"end":{"line":37,"column":null}},"3":{"start":{"line":34,"column":19},"end":{"line":34,"column":null}},"4":{"start":{"line":35,"column":6},"end":{"line":35,"column":null}},"5":{"start":{"line":36,"column":6},"end":{"line":36,"column":null}},"6":{"start":{"line":40,"column":4},"end":{"line":44,"column":null}},"7":{"start":{"line":41,"column":19},"end":{"line":41,"column":null}},"8":{"start":{"line":42,"column":6},"end":{"line":42,"column":null}},"9":{"start":{"line":43,"column":6},"end":{"line":43,"column":null}},"10":{"start":{"line":46,"column":23},"end":{"line":46,"column":null}},"11":{"start":{"line":46,"column":39},"end":{"line":46,"column":75}},"12":{"start":{"line":47,"column":28},"end":{"line":47,"column":null}},"13":{"start":{"line":49,"column":16},"end":{"line":49,"column":null}}},"fnMap":{"0":{"name":"(anonymous_0)","decl":{"start":{"line":28,"column":54},"end":{"line":28,"column":55}},"loc":{"start":{"line":28,"column":69},"end":{"line":50,"column":2}},"line":28},"1":{"name":"(anonymous_1)","decl":{"start":{"line":32,"column":12},"end":{"line":32,"column":13}},"loc":{"start":{"line":33,"column":4},"end":{"line":37,"column":null}},"line":33},"2":{"name":"(anonymous_2)","decl":{"start":{"line":33,"column":8},"end":{"line":33,"column":9}},"loc":{"start":{"line":33,"column":19},"end":{"line":37,"column":5}},"line":33},"3":{"name":"(anonymous_3)","decl":{"start":{"line":39,"column":14},"end":{"line":39,"column":15}},"loc":{"start":{"line":40,"column":4},"end":{"line":44,"column":null}},"line":40},"4":{"name":"(anonymous_4)","decl":{"start":{"line":40,"column":8},"end":{"line":40,"column":9}},"loc":{"start":{"line":40,"column":19},"end":{"line":44,"column":5}},"line":40},"5":{"name":"(anonymous_5)","decl":{"start":{"line":46,"column":17},"end":{"line":46,"column":23}},"loc":{"start":{"line":46,"column":23},"end":{"line":46,"column":null}},"line":46},"6":{"name":"(anonymous_6)","decl":{"start":{"line":46,"column":27},"end":{"line":46,"column":28}},"loc":{"start":{"line":46,"column":39},"end":{"line":46,"column":75}},"line":46},"7":{"name":"(anonymous_7)","decl":{"start":{"line":47,"column":18},"end":{"line":47,"column":19}},"loc":{"start":{"line":47,"column":28},"end":{"line":47,"column":null}},"line":47},"8":{"name":"(anonymous_8)","decl":{"start":{"line":49,"column":10},"end":{"line":49,"column":16}},"loc":{"start":{"line":49,"column":16},"end":{"line":49,"column":null}},"line":49}},"branchMap":{},"s":{"0":1,"1":1,"2":6,"3":6,"4":6,"5":6,"6":2,"7":2,"8":2,"9":2,"10":2,"11":2,"12":2,"13":2},"f":{"0":1,"1":6,"2":6,"3":2,"4":2,"5":2,"6":2,"7":2,"8":2},"b":{},"meta":{"lastBranch":0,"lastFunction":9,"lastStatement":14,"seen":{"s:28:13:50:Infinity":0,"f:28:54:28:55":0,"s:28:69:50:2":1,"f:32:12:32:13":1,"s:33:4:37:Infinity":2,"f:33:8:33:9":2,"s:34:19:34:Infinity":3,"s:35:6:35:Infinity":4,"s:36:6:36:Infinity":5,"f:39:14:39:15":3,"s:40:4:44:Infinity":6,"f:40:8:40:9":4,"s:41:19:41:Infinity":7,"s:42:6:42:Infinity":8,"s:43:6:43:Infinity":9,"f:46:17:46:23":5,"s:46:23:46:Infinity":10,"f:46:27:46:28":6,"s:46:39:46:75":11,"f:47:18:47:19":7,"s:47:28:47:Infinity":12,"f:49:10:49:16":8,"s:49:16:49:Infinity":13}}}
,"/Users/jacie/dev/apps/claude-utils/src/stores/tagStore.ts": {"path":"/Users/jacie/dev/apps/claude-utils/src/stores/tagStore.ts","statementMap":{"0":{"start":{"line":17,"column":13},"end":{"line":58,"column":null}},"1":{"start":{"line":17,"column":59},"end":{"line":58,"column":2}},"2":{"start":{"line":23,"column":4},"end":{"line":23,"column":null}},"3":{"start":{"line":24,"column":4},"end":{"line":29,"column":null}},"4":{"start":{"line":25,"column":19},"end":{"line":25,"column":null}},"5":{"start":{"line":26,"column":6},"end":{"line":26,"column":null}},"6":{"start":{"line":28,"column":6},"end":{"line":28,"column":null}},"7":{"start":{"line":33,"column":16},"end":{"line":33,"column":null}},"8":{"start":{"line":35,"column":21},"end":{"line":35,"column":null}},"9":{"start":{"line":36,"column":4},"end":{"line":38,"column":null}},"10":{"start":{"line":36,"column":26},"end":{"line":36,"column":41}},"11":{"start":{"line":37,"column":6},"end":{"line":37,"column":null}},"12":{"start":{"line":39,"column":4},"end":{"line":39,"column":null}},"13":{"start":{"line":43,"column":4},"end":{"line":43,"column":null}},"14":{"start":{"line":44,"column":4},"end":{"line":44,"column":null}},"15":{"start":{"line":44,"column":41},"end":{"line":44,"column":52}},"16":{"start":{"line":48,"column":4},"end":{"line":48,"column":null}},"17":{"start":{"line":52,"column":4},"end":{"line":52,"column":null}},"18":{"start":{"line":56,"column":4},"end":{"line":56,"column":null}}},"fnMap":{"0":{"name":"(anonymous_0)","decl":{"start":{"line":17,"column":44},"end":{"line":17,"column":45}},"loc":{"start":{"line":17,"column":59},"end":{"line":58,"column":2}},"line":17},"1":{"name":"(anonymous_1)","decl":{"start":{"line":22,"column":13},"end":{"line":22,"column":20}},"loc":{"start":{"line":22,"column":58},"end":{"line":30,"column":null}},"line":22},"2":{"name":"(anonymous_2)","decl":{"start":{"line":32,"column":13},"end":{"line":32,"column":20}},"loc":{"start":{"line":32,"column":72},"end":{"line":40,"column":null}},"line":32},"3":{"name":"(anonymous_3)","decl":{"start":{"line":36,"column":19},"end":{"line":36,"column":20}},"loc":{"start":{"line":36,"column":26},"end":{"line":36,"column":41}},"line":36},"4":{"name":"(anonymous_4)","decl":{"start":{"line":42,"column":13},"end":{"line":42,"column":20}},"loc":{"start":{"line":42,"column":35},"end":{"line":45,"column":null}},"line":42},"5":{"name":"(anonymous_5)","decl":{"start":{"line":44,"column":34},"end":{"line":44,"column":35}},"loc":{"start":{"line":44,"column":41},"end":{"line":44,"column":52}},"line":44},"6":{"name":"(anonymous_6)","decl":{"start":{"line":47,"column":13},"end":{"line":47,"column":20}},"loc":{"start":{"line":47,"column":76},"end":{"line":49,"column":null}},"line":47},"7":{"name":"(anonymous_7)","decl":{"start":{"line":51,"column":15},"end":{"line":51,"column":22}},"loc":{"start":{"line":51,"column":78},"end":{"line":53,"column":null}},"line":51},"8":{"name":"(anonymous_8)","decl":{"start":{"line":55,"column":17},"end":{"line":55,"column":24}},"loc":{"start":{"line":55,"column":65},"end":{"line":57,"column":null}},"line":55}},"branchMap":{"0":{"loc":{"start":{"line":36,"column":4},"end":{"line":38,"column":null}},"type":"if","locations":[{"start":{"line":36,"column":4},"end":{"line":38,"column":null}},{"start":{},"end":{}}],"line":36}},"s":{"0":1,"1":1,"2":3,"3":3,"4":3,"5":2,"6":1,"7":2,"8":2,"9":2,"10":1,"11":1,"12":2,"13":1,"14":1,"15":1,"16":1,"17":1,"18":0},"f":{"0":1,"1":3,"2":2,"3":1,"4":1,"5":1,"6":1,"7":1,"8":0},"b":{"0":[1,1]},"meta":{"lastBranch":1,"lastFunction":9,"lastStatement":19,"seen":{"s:17:13:58:Infinity":0,"f:17:44:17:45":0,"s:17:59:58:2":1,"f:22:13:22:20":1,"s:23:4:23:Infinity":2,"s:24:4:29:Infinity":3,"s:25:19:25:Infinity":4,"s:26:6:26:Infinity":5,"s:28:6:28:Infinity":6,"f:32:13:32:20":2,"s:33:16:33:Infinity":7,"s:35:21:35:Infinity":8,"b:36:4:38:Infinity:undefined:undefined:undefined:undefined":0,"s:36:4:38:Infinity":9,"f:36:19:36:20":3,"s:36:26:36:41":10,"s:37:6:37:Infinity":11,"s:39:4:39:Infinity":12,"f:42:13:42:20":4,"s:43:4:43:Infinity":13,"s:44:4:44:Infinity":14,"f:44:34:44:35":5,"s:44:41:44:52":15,"f:47:13:47:20":6,"s:48:4:48:Infinity":16,"f:51:15:51:22":7,"s:52:4:52:Infinity":17,"f:55:17:55:24":8,"s:56:4:56:Infinity":18}}}
,"/Users/jacie/dev/apps/claude-utils/src/stores/toastStore.ts": {"path":"/Users/jacie/dev/apps/claude-utils/src/stores/toastStore.ts","statementMap":{"0":{"start":{"line":15,"column":13},"end":{"line":29,"column":null}},"1":{"start":{"line":15,"column":63},"end":{"line":29,"column":2}},"2":{"start":{"line":19,"column":15},"end":{"line":19,"column":null}},"3":{"start":{"line":20,"column":4},"end":{"line":20,"column":null}},"4":{"start":{"line":21,"column":4},"end":{"line":23,"column":null}},"5":{"start":{"line":22,"column":6},"end":{"line":22,"column":null}},"6":{"start":{"line":22,"column":47},"end":{"line":22,"column":58}},"7":{"start":{"line":27,"column":4},"end":{"line":27,"column":null}},"8":{"start":{"line":27,"column":45},"end":{"line":27,"column":56}}},"fnMap":{"0":{"name":"(anonymous_0)","decl":{"start":{"line":15,"column":48},"end":{"line":15,"column":49}},"loc":{"start":{"line":15,"column":63},"end":{"line":29,"column":2}},"line":15},"1":{"name":"(anonymous_1)","decl":{"start":{"line":18,"column":12},"end":{"line":18,"column":13}},"loc":{"start":{"line":18,"column":60},"end":{"line":24,"column":null}},"line":18},"2":{"name":"(anonymous_2)","decl":{"start":{"line":21,"column":15},"end":{"line":21,"column":21}},"loc":{"start":{"line":21,"column":21},"end":{"line":23,"column":7}},"line":21},"3":{"name":"(anonymous_3)","decl":{"start":{"line":22,"column":40},"end":{"line":22,"column":41}},"loc":{"start":{"line":22,"column":47},"end":{"line":22,"column":58}},"line":22},"4":{"name":"(anonymous_4)","decl":{"start":{"line":26,"column":15},"end":{"line":26,"column":16}},"loc":{"start":{"line":26,"column":23},"end":{"line":28,"column":null}},"line":26},"5":{"name":"(anonymous_5)","decl":{"start":{"line":27,"column":38},"end":{"line":27,"column":39}},"loc":{"start":{"line":27,"column":45},"end":{"line":27,"column":56}},"line":27}},"branchMap":{"0":{"loc":{"start":{"line":18,"column":22},"end":{"line":18,"column":40}},"type":"default-arg","locations":[{"start":{"line":18,"column":29},"end":{"line":18,"column":40}}],"line":18},"1":{"loc":{"start":{"line":18,"column":40},"end":{"line":18,"column":60}},"type":"default-arg","locations":[{"start":{"line":18,"column":51},"end":{"line":18,"column":60}}],"line":18}},"s":{"0":1,"1":1,"2":5,"3":5,"4":5,"5":1,"6":1,"7":1,"8":2},"f":{"0":1,"1":5,"2":1,"3":1,"4":1,"5":2},"b":{"0":[5],"1":[5]},"meta":{"lastBranch":2,"lastFunction":6,"lastStatement":9,"seen":{"s:15:13:29:Infinity":0,"f:15:48:15:49":0,"s:15:63:29:2":1,"f:18:12:18:13":1,"b:18:29:18:40":0,"b:18:51:18:60":1,"s:19:15:19:Infinity":2,"s:20:4:20:Infinity":3,"s:21:4:23:Infinity":4,"f:21:15:21:21":2,"s:22:6:22:Infinity":5,"f:22:40:22:41":3,"s:22:47:22:58":6,"f:26:15:26:16":4,"s:27:4:27:Infinity":7,"f:27:38:27:39":5,"s:27:45:27:56":8}}}
}
